[2022-07-28T19:48:39.039Z] [org.springframework.boot.StartupInfoLogger] [restartedMain] [55] [INFO ] Starting DrugsServiceApplication using Java 17.0.2 on inlen8520018531 with PID 19252 (C:\Users\MEGHGR\git\PharmacyManagementSystem\drugs-service\target\classes started by meghgr in C:\Users\MEGHGR\git\PharmacyManagementSystem\drugs-service)
[2022-07-28T19:48:39.039Z] [org.springframework.boot.SpringApplication] [restartedMain] [634] [INFO ] No active profile set, falling back to 1 default profile: "default"
[2022-07-28T19:48:40.040Z] [org.springframework.data.repository.config.RepositoryConfigurationDelegate] [restartedMain] [132] [INFO ] Bootstrapping Spring Data MongoDB repositories in DEFAULT mode.
[2022-07-28T19:48:40.040Z] [org.springframework.data.repository.config.RepositoryConfigurationDelegate] [restartedMain] [201] [INFO ] Finished Spring Data repository scanning in 8 ms. Found 1 MongoDB repository interfaces.
[2022-07-28T19:48:40.040Z] [org.springframework.cloud.context.scope.GenericScope] [restartedMain] [283] [INFO ] BeanFactory id=ebaa1f78-d191-389d-b85b-bd9a7b98f5e2
[2022-07-28T19:48:40.040Z] [org.springframework.boot.web.embedded.tomcat.TomcatWebServer] [restartedMain] [108] [INFO ] Tomcat initialized with port(s): 8099 (http)
[2022-07-28T19:48:40.040Z] [org.apache.juli.logging.DirectJDKLog] [restartedMain] [173] [INFO ] Starting service [Tomcat]
[2022-07-28T19:48:40.040Z] [org.apache.juli.logging.DirectJDKLog] [restartedMain] [173] [INFO ] Starting Servlet engine: [Apache Tomcat/9.0.65]
[2022-07-28T19:48:40.040Z] [org.apache.juli.logging.DirectJDKLog] [restartedMain] [173] [INFO ] Initializing Spring embedded WebApplicationContext
[2022-07-28T19:48:40.040Z] [org.springframework.boot.web.servlet.context.ServletWebServerApplicationContext] [restartedMain] [292] [INFO ] Root WebApplicationContext: initialization completed in 248 ms
[2022-07-28T19:48:40.040Z] [com.mongodb.diagnostics.logging.SLF4JLogger] [restartedMain] [71] [INFO ] MongoClient with metadata {"driver": {"name": "mongo-java-driver|sync|spring-boot", "version": "4.6.1"}, "os": {"type": "Windows", "name": "Windows 10", "architecture": "amd64", "version": "10.0"}, "platform": "Java/Eclipse Adoptium/17.0.2+8"} created with settings MongoClientSettings{readPreference=primary, writeConcern=WriteConcern{w=majority, wTimeout=null ms, journal=null}, retryWrites=true, retryReads=true, readConcern=ReadConcern{level=null}, credential=MongoCredential{mechanism=null, userName='mongodb', source='admin', password=<hidden>, mechanismProperties=<hidden>}, streamFactoryFactory=null, commandListeners=[], codecRegistry=ProvidersCodecRegistry{codecProviders=[ValueCodecProvider{}, BsonValueCodecProvider{}, DBRefCodecProvider{}, DBObjectCodecProvider{}, DocumentCodecProvider{}, IterableCodecProvider{}, MapCodecProvider{}, GeoJsonCodecProvider{}, GridFSFileCodecProvider{}, Jsr310CodecProvider{}, JsonObjectCodecProvider{}, BsonCodecProvider{}, EnumCodecProvider{}, com.mongodb.Jep395RecordCodecProvider@65dbe155]}, clusterSettings={hosts=[127.0.0.1:27017], srvHost=test.zzsab.mongodb.net, srvServiceName=mongodb, mode=MULTIPLE, requiredClusterType=REPLICA_SET, requiredReplicaSetName='atlas-s8fbf7-shard-0', serverSelector='null', clusterListeners='[]', serverSelectionTimeout='30000 ms', localThreshold='30000 ms'}, socketSettings=SocketSettings{connectTimeoutMS=10000, readTimeoutMS=0, receiveBufferSize=0, sendBufferSize=0}, heartbeatSocketSettings=SocketSettings{connectTimeoutMS=10000, readTimeoutMS=10000, receiveBufferSize=0, sendBufferSize=0}, connectionPoolSettings=ConnectionPoolSettings{maxSize=100, minSize=0, maxWaitTimeMS=120000, maxConnectionLifeTimeMS=0, maxConnectionIdleTimeMS=0, maintenanceInitialDelayMS=0, maintenanceFrequencyMS=60000, connectionPoolListeners=[], maxConnecting=2}, serverSettings=ServerSettings{heartbeatFrequencyMS=10000, minHeartbeatFrequencyMS=500, serverListeners='[]', serverMonitorListeners='[]'}, sslSettings=SslSettings{enabled=true, invalidHostNameAllowed=false, context=null}, applicationName='null', compressorList=[], uuidRepresentation=JAVA_LEGACY, serverApi=null, autoEncryptionSettings=null, contextProvider=null}
[2022-07-28T19:48:40.040Z] [com.mongodb.diagnostics.logging.SLF4JLogger] [cluster-ClusterId{value='62e29ac0c84ccf18c680b1fb', description='null'}-srv-test.zzsab.mongodb.net] [71] [INFO ] Adding discovered server test-shard-00-00.zzsab.mongodb.net:27017 to client view of cluster
[2022-07-28T19:48:40.040Z] [com.mongodb.diagnostics.logging.SLF4JLogger] [cluster-ClusterId{value='62e29ac0c84ccf18c680b1fb', description='null'}-srv-test.zzsab.mongodb.net] [71] [INFO ] Adding discovered server test-shard-00-02.zzsab.mongodb.net:27017 to client view of cluster
[2022-07-28T19:48:40.040Z] [com.mongodb.diagnostics.logging.SLF4JLogger] [cluster-ClusterId{value='62e29ac0c84ccf18c680b1fb', description='null'}-srv-test.zzsab.mongodb.net] [71] [INFO ] Adding discovered server test-shard-00-01.zzsab.mongodb.net:27017 to client view of cluster
[2022-07-28T19:48:40.040Z] [org.springframework.data.convert.CustomConversions] [restartedMain] [266] [WARN ] Registering converter from class java.time.LocalDateTime to class org.joda.time.LocalDateTime as reading converter although it doesn't convert from a store-supported type; You might want to check your annotation setup at the converter implementation
[2022-07-28T19:48:40.040Z] [org.springframework.boot.devtools.autoconfigure.OptionalLiveReloadServer] [restartedMain] [58] [INFO ] LiveReload server is running on port 35729
[2022-07-28T19:48:40.040Z] [org.springframework.data.convert.CustomConversions] [restartedMain] [266] [WARN ] Registering converter from class java.time.LocalDateTime to class org.joda.time.LocalDateTime as reading converter although it doesn't convert from a store-supported type; You might want to check your annotation setup at the converter implementation
[2022-07-28T19:48:40.040Z] [org.springframework.cloud.netflix.eureka.config.DiscoveryClientOptionalArgsConfiguration] [restartedMain] [68] [INFO ] Eureka HTTP Client uses RestTemplate.
[2022-07-28T19:48:40.040Z] [org.springframework.cloud.loadbalancer.config.LoadBalancerCacheAutoConfiguration$LoadBalancerCaffeineWarnLogger] [restartedMain] [82] [WARN ] Spring Cloud LoadBalancer is currently working with the default cache. While this cache implementation is useful for development and tests, it's recommended to use Caffeine cache in production.You can switch to using Caffeine cache, by adding it and org.springframework.cache.caffeine.CaffeineCacheManager to the classpath.
[2022-07-28T19:48:40.040Z] [org.springframework.cloud.netflix.eureka.InstanceInfoFactory] [restartedMain] [67] [INFO ] Setting initial instance status as: STARTING
[2022-07-28T19:48:40.040Z] [com.netflix.discovery.DiscoveryClient] [restartedMain] [372] [INFO ] Initializing Eureka in region us-east-1
[2022-07-28T19:48:40.040Z] [com.netflix.discovery.shared.resolver.aws.ConfigClusterResolver] [restartedMain] [43] [INFO ] Resolving eureka endpoints via configuration
[2022-07-28T19:48:40.040Z] [com.netflix.discovery.DiscoveryClient] [restartedMain] [1007] [INFO ] Disable delta property : false
[2022-07-28T19:48:40.040Z] [com.netflix.discovery.DiscoveryClient] [restartedMain] [1008] [INFO ] Single vip registry refresh property : null
[2022-07-28T19:48:40.040Z] [com.netflix.discovery.DiscoveryClient] [restartedMain] [1009] [INFO ] Force full registry fetch : false
[2022-07-28T19:48:40.040Z] [com.netflix.discovery.DiscoveryClient] [restartedMain] [1010] [INFO ] Application is null : false
[2022-07-28T19:48:40.040Z] [com.netflix.discovery.DiscoveryClient] [restartedMain] [1011] [INFO ] Registered Applications size is zero : true
[2022-07-28T19:48:40.040Z] [com.netflix.discovery.DiscoveryClient] [restartedMain] [1013] [INFO ] Application version is -1: true
[2022-07-28T19:48:40.040Z] [com.netflix.discovery.DiscoveryClient] [restartedMain] [1097] [INFO ] Getting all instance registry info from the eureka server
[2022-07-28T19:48:40.040Z] [com.netflix.discovery.DiscoveryClient] [restartedMain] [1106] [INFO ] The response status is 200
[2022-07-28T19:48:40.040Z] [com.netflix.discovery.DiscoveryClient] [restartedMain] [1321] [INFO ] Starting heartbeat executor: renew interval is: 30
[2022-07-28T19:48:40.040Z] [com.netflix.discovery.InstanceInfoReplicator] [restartedMain] [60] [INFO ] InstanceInfoReplicator onDemand update allowed rate per min is 4
[2022-07-28T19:48:41.041Z] [com.mongodb.diagnostics.logging.SLF4JLogger] [cluster-ClusterId{value='62e29ac0c84ccf18c680b1fb', description='null'}-test-shard-00-02.zzsab.mongodb.net:27017] [71] [INFO ] Opened connection [connectionId{localValue:21, serverValue:20323}] to test-shard-00-02.zzsab.mongodb.net:27017
[2022-07-28T19:48:41.041Z] [com.mongodb.diagnostics.logging.SLF4JLogger] [cluster-ClusterId{value='62e29ac0c84ccf18c680b1fb', description='null'}-test-shard-00-02.zzsab.mongodb.net:27017] [71] [INFO ] Monitor thread successfully connected to server with description ServerDescription{address=test-shard-00-02.zzsab.mongodb.net:27017, type=REPLICA_SET_SECONDARY, state=CONNECTED, ok=true, minWireVersion=0, maxWireVersion=13, maxDocumentSize=16777216, logicalSessionTimeoutMinutes=30, roundTripTimeNanos=153430900, setName='atlas-s8fbf7-shard-0', canonicalAddress=test-shard-00-02.zzsab.mongodb.net:27017, hosts=[test-shard-00-01.zzsab.mongodb.net:27017, test-shard-00-00.zzsab.mongodb.net:27017, test-shard-00-02.zzsab.mongodb.net:27017], passives=[], arbiters=[], primary='test-shard-00-01.zzsab.mongodb.net:27017', tagSet=TagSet{[Tag{name='nodeType', value='ELECTABLE'}, Tag{name='provider', value='AWS'}, Tag{name='region', value='AP_SOUTH_1'}, Tag{name='workloadType', value='OPERATIONAL'}]}, electionId=null, setVersion=7, topologyVersion=TopologyVersion{processId=62e1965d6074700cc2f942a8, counter=3}, lastWriteDate=Thu Jul 28 19:48:40 IST 2022, lastUpdateTimeNanos=281099978064999}
[2022-07-28T19:48:41.041Z] [com.netflix.discovery.DiscoveryClient] [restartedMain] [492] [INFO ] Discovery Client initialized at timestamp 1659017921005 with initial instances count: 0
[2022-07-28T19:48:41.041Z] [org.springframework.cloud.netflix.eureka.serviceregistry.EurekaServiceRegistry] [restartedMain] [41] [INFO ] Registering application DRUGS-SERVICE with eureka with status UP
[2022-07-28T19:48:41.041Z] [com.netflix.discovery.DiscoveryClient$3] [restartedMain] [1352] [INFO ] Saw local status change event StatusChangeEvent [timestamp=1659017921006, current=UP, previous=STARTING]
[2022-07-28T19:48:41.041Z] [com.netflix.discovery.DiscoveryClient] [DiscoveryClient-InstanceInfoReplicator-0] [873] [INFO ] DiscoveryClient_DRUGS-SERVICE/inlen8520018531.corp.capgemini.com:drugs-service:8099: registering service...
[2022-07-28T19:48:41.041Z] [org.springframework.boot.web.embedded.tomcat.TomcatWebServer] [restartedMain] [220] [INFO ] Tomcat started on port(s): 8099 (http) with context path ''
[2022-07-28T19:48:41.041Z] [org.springframework.cloud.netflix.eureka.serviceregistry.EurekaAutoServiceRegistration] [restartedMain] [144] [INFO ] Updating port to 8099
[2022-07-28T19:48:41.041Z] [com.netflix.discovery.DiscoveryClient] [DiscoveryClient-InstanceInfoReplicator-0] [882] [INFO ] DiscoveryClient_DRUGS-SERVICE/inlen8520018531.corp.capgemini.com:drugs-service:8099 - registration status: 204
[2022-07-28T19:48:41.041Z] [com.mongodb.diagnostics.logging.SLF4JLogger] [cluster-rtt-ClusterId{value='62e29ac0c84ccf18c680b1fb', description='null'}-test-shard-00-02.zzsab.mongodb.net:27017] [71] [INFO ] Opened connection [connectionId{localValue:22, serverValue:20323}] to test-shard-00-02.zzsab.mongodb.net:27017
[2022-07-28T19:48:41.041Z] [com.mongodb.diagnostics.logging.SLF4JLogger] [cluster-ClusterId{value='62e29ac0c84ccf18c680b1fb', description='null'}-test-shard-00-00.zzsab.mongodb.net:27017] [71] [INFO ] Opened connection [connectionId{localValue:19, serverValue:20739}] to test-shard-00-00.zzsab.mongodb.net:27017
[2022-07-28T19:48:41.041Z] [com.mongodb.diagnostics.logging.SLF4JLogger] [cluster-ClusterId{value='62e29ac0c84ccf18c680b1fb', description='null'}-test-shard-00-01.zzsab.mongodb.net:27017] [71] [INFO ] Opened connection [connectionId{localValue:23, serverValue:22916}] to test-shard-00-01.zzsab.mongodb.net:27017
[2022-07-28T19:48:41.041Z] [com.mongodb.diagnostics.logging.SLF4JLogger] [cluster-ClusterId{value='62e29ac0c84ccf18c680b1fb', description='null'}-test-shard-00-00.zzsab.mongodb.net:27017] [71] [INFO ] Monitor thread successfully connected to server with description ServerDescription{address=test-shard-00-00.zzsab.mongodb.net:27017, type=REPLICA_SET_SECONDARY, state=CONNECTED, ok=true, minWireVersion=0, maxWireVersion=13, maxDocumentSize=16777216, logicalSessionTimeoutMinutes=30, roundTripTimeNanos=163605100, setName='atlas-s8fbf7-shard-0', canonicalAddress=test-shard-00-00.zzsab.mongodb.net:27017, hosts=[test-shard-00-01.zzsab.mongodb.net:27017, test-shard-00-00.zzsab.mongodb.net:27017, test-shard-00-02.zzsab.mongodb.net:27017], passives=[], arbiters=[], primary='test-shard-00-01.zzsab.mongodb.net:27017', tagSet=TagSet{[Tag{name='nodeType', value='ELECTABLE'}, Tag{name='provider', value='AWS'}, Tag{name='region', value='AP_SOUTH_1'}, Tag{name='workloadType', value='OPERATIONAL'}]}, electionId=null, setVersion=7, topologyVersion=TopologyVersion{processId=62e19408a9beeb520035a985, counter=4}, lastWriteDate=Thu Jul 28 19:48:40 IST 2022, lastUpdateTimeNanos=281099995549200}
[2022-07-28T19:48:41.041Z] [com.mongodb.diagnostics.logging.SLF4JLogger] [cluster-ClusterId{value='62e29ac0c84ccf18c680b1fb', description='null'}-test-shard-00-01.zzsab.mongodb.net:27017] [71] [INFO ] Monitor thread successfully connected to server with description ServerDescription{address=test-shard-00-01.zzsab.mongodb.net:27017, type=REPLICA_SET_PRIMARY, state=CONNECTED, ok=true, minWireVersion=0, maxWireVersion=13, maxDocumentSize=16777216, logicalSessionTimeoutMinutes=30, roundTripTimeNanos=163858300, setName='atlas-s8fbf7-shard-0', canonicalAddress=test-shard-00-01.zzsab.mongodb.net:27017, hosts=[test-shard-00-01.zzsab.mongodb.net:27017, test-shard-00-00.zzsab.mongodb.net:27017, test-shard-00-02.zzsab.mongodb.net:27017], passives=[], arbiters=[], primary='test-shard-00-01.zzsab.mongodb.net:27017', tagSet=TagSet{[Tag{name='nodeType', value='ELECTABLE'}, Tag{name='provider', value='AWS'}, Tag{name='region', value='AP_SOUTH_1'}, Tag{name='workloadType', value='OPERATIONAL'}]}, electionId=7fffffff00000000000000af, setVersion=7, topologyVersion=TopologyVersion{processId=62e19533df5ac5fc2505f798, counter=6}, lastWriteDate=Thu Jul 28 19:48:40 IST 2022, lastUpdateTimeNanos=281099995534800}
[2022-07-28T19:48:41.041Z] [com.mongodb.diagnostics.logging.SLF4JLogger] [cluster-ClusterId{value='62e29ac0c84ccf18c680b1fb', description='null'}-test-shard-00-01.zzsab.mongodb.net:27017] [71] [INFO ] Setting max election id to 7fffffff00000000000000af from replica set primary test-shard-00-01.zzsab.mongodb.net:27017
[2022-07-28T19:48:41.041Z] [com.mongodb.diagnostics.logging.SLF4JLogger] [cluster-ClusterId{value='62e29ac0c84ccf18c680b1fb', description='null'}-test-shard-00-01.zzsab.mongodb.net:27017] [71] [INFO ] Setting max set version to 7 from replica set primary test-shard-00-01.zzsab.mongodb.net:27017
[2022-07-28T19:48:41.041Z] [com.mongodb.diagnostics.logging.SLF4JLogger] [cluster-ClusterId{value='62e29ac0c84ccf18c680b1fb', description='null'}-test-shard-00-01.zzsab.mongodb.net:27017] [71] [INFO ] Discovered replica set primary test-shard-00-01.zzsab.mongodb.net:27017
[2022-07-28T19:48:41.041Z] [com.mongodb.diagnostics.logging.SLF4JLogger] [cluster-rtt-ClusterId{value='62e29ac0c84ccf18c680b1fb', description='null'}-test-shard-00-01.zzsab.mongodb.net:27017] [71] [INFO ] Opened connection [connectionId{localValue:24, serverValue:22624}] to test-shard-00-01.zzsab.mongodb.net:27017
[2022-07-28T19:48:41.041Z] [com.mongodb.diagnostics.logging.SLF4JLogger] [cluster-rtt-ClusterId{value='62e29ac0c84ccf18c680b1fb', description='null'}-test-shard-00-00.zzsab.mongodb.net:27017] [71] [INFO ] Opened connection [connectionId{localValue:20, serverValue:20739}] to test-shard-00-00.zzsab.mongodb.net:27017
[2022-07-28T19:48:41.041Z] [org.springframework.boot.StartupInfoLogger] [restartedMain] [61] [INFO ] Started DrugsServiceApplication in 1.33 seconds (JVM running for 2867.051)
[2022-07-28T19:48:41.041Z] [org.springframework.boot.devtools.autoconfigure.ConditionEvaluationDeltaLoggingListener] [restartedMain] [63] [INFO ] Condition evaluation unchanged
[2022-07-28T19:49:11.011Z] [com.netflix.discovery.DiscoveryClient] [DiscoveryClient-CacheRefreshExecutor-0] [1007] [INFO ] Disable delta property : false
[2022-07-28T19:49:11.011Z] [com.netflix.discovery.DiscoveryClient] [DiscoveryClient-CacheRefreshExecutor-0] [1008] [INFO ] Single vip registry refresh property : null
[2022-07-28T19:49:11.011Z] [com.netflix.discovery.DiscoveryClient] [DiscoveryClient-CacheRefreshExecutor-0] [1009] [INFO ] Force full registry fetch : false
[2022-07-28T19:49:11.011Z] [com.netflix.discovery.DiscoveryClient] [DiscoveryClient-CacheRefreshExecutor-0] [1010] [INFO ] Application is null : false
[2022-07-28T19:49:11.011Z] [com.netflix.discovery.DiscoveryClient] [DiscoveryClient-CacheRefreshExecutor-0] [1011] [INFO ] Registered Applications size is zero : true
[2022-07-28T19:49:11.011Z] [com.netflix.discovery.DiscoveryClient] [DiscoveryClient-CacheRefreshExecutor-0] [1013] [INFO ] Application version is -1: false
[2022-07-28T19:49:11.011Z] [com.netflix.discovery.DiscoveryClient] [DiscoveryClient-CacheRefreshExecutor-0] [1097] [INFO ] Getting all instance registry info from the eureka server
[2022-07-28T19:49:11.011Z] [com.netflix.discovery.DiscoveryClient] [DiscoveryClient-CacheRefreshExecutor-0] [1106] [INFO ] The response status is 200
[2022-07-28T19:50:02.002Z] [org.springframework.boot.admin.SpringApplicationAdminMXBeanRegistrar$SpringApplicationAdmin] [RMI TCP Connection(51)-127.0.0.1] [159] [INFO ] Application shutdown requested.
[2022-07-28T19:50:02.002Z] [org.springframework.cloud.netflix.eureka.serviceregistry.EurekaServiceRegistry] [RMI TCP Connection(51)-127.0.0.1] [62] [INFO ] Unregistering application DRUGS-SERVICE with eureka with status DOWN
[2022-07-28T19:50:02.002Z] [com.netflix.discovery.DiscoveryClient$3] [RMI TCP Connection(51)-127.0.0.1] [1352] [INFO ] Saw local status change event StatusChangeEvent [timestamp=1659018002477, current=DOWN, previous=UP]
[2022-07-28T19:50:02.002Z] [com.netflix.discovery.DiscoveryClient] [DiscoveryClient-InstanceInfoReplicator-0] [873] [INFO ] DiscoveryClient_DRUGS-SERVICE/inlen8520018531.corp.capgemini.com:drugs-service:8099: registering service...
[2022-07-28T19:50:02.002Z] [com.netflix.discovery.shared.transport.decorator.RedirectingEurekaHttpClient] [DiscoveryClient-InstanceInfoReplicator-0] [93] [INFO ] Request execution error. endpoint=DefaultEndpoint{ serviceUrl='http://localhost:8761/eureka/} exception=I/O error on POST request for "http://localhost:8761/eureka/apps/DRUGS-SERVICE": Connect to localhost:8761 [localhost/127.0.0.1, localhost/0:0:0:0:0:0:0:1] failed: Connection refused: connect; nested exception is org.apache.http.conn.HttpHostConnectException: Connect to localhost:8761 [localhost/127.0.0.1, localhost/0:0:0:0:0:0:0:1] failed: Connection refused: connect stacktrace=org.springframework.web.client.ResourceAccessException: I/O error on POST request for "http://localhost:8761/eureka/apps/DRUGS-SERVICE": Connect to localhost:8761 [localhost/127.0.0.1, localhost/0:0:0:0:0:0:0:1] failed: Connection refused: connect; nested exception is org.apache.http.conn.HttpHostConnectException: Connect to localhost:8761 [localhost/127.0.0.1, localhost/0:0:0:0:0:0:0:1] failed: Connection refused: connect
	at org.springframework.web.client.RestTemplate.doExecute(RestTemplate.java:785)
	at org.springframework.web.client.RestTemplate.execute(RestTemplate.java:711)
	at org.springframework.web.client.RestTemplate.exchange(RestTemplate.java:602)
	at org.springframework.cloud.netflix.eureka.http.RestTemplateEurekaHttpClient.register(RestTemplateEurekaHttpClient.java:77)
	at com.netflix.discovery.shared.transport.decorator.EurekaHttpClientDecorator$1.execute(EurekaHttpClientDecorator.java:59)
	at com.netflix.discovery.shared.transport.decorator.RedirectingEurekaHttpClient.execute(RedirectingEurekaHttpClient.java:91)
	at com.netflix.discovery.shared.transport.decorator.EurekaHttpClientDecorator.register(EurekaHttpClientDecorator.java:56)
	at com.netflix.discovery.shared.transport.decorator.EurekaHttpClientDecorator$1.execute(EurekaHttpClientDecorator.java:59)
	at com.netflix.discovery.shared.transport.decorator.RetryableEurekaHttpClient.execute(RetryableEurekaHttpClient.java:120)
	at com.netflix.discovery.shared.transport.decorator.EurekaHttpClientDecorator.register(EurekaHttpClientDecorator.java:56)
	at com.netflix.discovery.shared.transport.decorator.EurekaHttpClientDecorator$1.execute(EurekaHttpClientDecorator.java:59)
	at com.netflix.discovery.shared.transport.decorator.SessionedEurekaHttpClient.execute(SessionedEurekaHttpClient.java:77)
	at com.netflix.discovery.shared.transport.decorator.EurekaHttpClientDecorator.register(EurekaHttpClientDecorator.java:56)
	at com.netflix.discovery.DiscoveryClient.register(DiscoveryClient.java:876)
	at com.netflix.discovery.InstanceInfoReplicator.run(InstanceInfoReplicator.java:121)
	at com.netflix.discovery.InstanceInfoReplicator$1.run(InstanceInfoReplicator.java:101)
	at java.base/java.util.concurrent.Executors$RunnableAdapter.call(Executors.java:539)
	at java.base/java.util.concurrent.FutureTask.run(FutureTask.java:264)
	at java.base/java.util.concurrent.ScheduledThreadPoolExecutor$ScheduledFutureTask.run(ScheduledThreadPoolExecutor.java:304)
	at java.base/java.util.concurrent.ThreadPoolExecutor.runWorker(ThreadPoolExecutor.java:1136)
	at java.base/java.util.concurrent.ThreadPoolExecutor$Worker.run(ThreadPoolExecutor.java:635)
	at java.base/java.lang.Thread.run(Thread.java:833)
Caused by: org.apache.http.conn.HttpHostConnectException: Connect to localhost:8761 [localhost/127.0.0.1, localhost/0:0:0:0:0:0:0:1] failed: Connection refused: connect
	at org.apache.http.impl.conn.DefaultHttpClientConnectionOperator.connect(DefaultHttpClientConnectionOperator.java:156)
	at org.apache.http.impl.conn.PoolingHttpClientConnectionManager.connect(PoolingHttpClientConnectionManager.java:376)
	at org.apache.http.impl.execchain.MainClientExec.establishRoute(MainClientExec.java:393)
	at org.apache.http.impl.execchain.MainClientExec.execute(MainClientExec.java:236)
	at org.apache.http.impl.execchain.ProtocolExec.execute(ProtocolExec.java:186)
	at org.apache.http.impl.execchain.RetryExec.execute(RetryExec.java:89)
	at org.apache.http.impl.execchain.RedirectExec.execute(RedirectExec.java:110)
	at org.apache.http.impl.client.InternalHttpClient.doExecute(InternalHttpClient.java:185)
	at org.apache.http.impl.client.CloseableHttpClient.execute(CloseableHttpClient.java:83)
	at org.apache.http.impl.client.CloseableHttpClient.execute(CloseableHttpClient.java:56)
	at org.springframework.http.client.HttpComponentsClientHttpRequest.executeInternal(HttpComponentsClientHttpRequest.java:87)
	at org.springframework.http.client.AbstractBufferingClientHttpRequest.executeInternal(AbstractBufferingClientHttpRequest.java:48)
	at org.springframework.http.client.AbstractClientHttpRequest.execute(AbstractClientHttpRequest.java:66)
	at org.springframework.web.client.RestTemplate.doExecute(RestTemplate.java:776)
	... 21 more
Caused by: java.net.ConnectException: Connection refused: connect
	at java.base/sun.nio.ch.Net.connect0(Native Method)
	at java.base/sun.nio.ch.Net.connect(Net.java:579)
	at java.base/sun.nio.ch.Net.connect(Net.java:568)
	at java.base/sun.nio.ch.NioSocketImpl.connect(NioSocketImpl.java:588)
	at java.base/java.net.SocksSocketImpl.connect(SocksSocketImpl.java:327)
	at java.base/java.net.Socket.connect(Socket.java:633)
	at org.apache.http.conn.socket.PlainConnectionSocketFactory.connectSocket(PlainConnectionSocketFactory.java:75)
	at org.apache.http.impl.conn.DefaultHttpClientConnectionOperator.connect(DefaultHttpClientConnectionOperator.java:142)
	... 34 more

[2022-07-28T19:50:02.002Z] [com.netflix.discovery.shared.transport.decorator.RetryableEurekaHttpClient] [DiscoveryClient-InstanceInfoReplicator-0] [130] [WARN ] Request execution failed with message: I/O error on POST request for "http://localhost:8761/eureka/apps/DRUGS-SERVICE": Connect to localhost:8761 [localhost/127.0.0.1, localhost/0:0:0:0:0:0:0:1] failed: Connection refused: connect; nested exception is org.apache.http.conn.HttpHostConnectException: Connect to localhost:8761 [localhost/127.0.0.1, localhost/0:0:0:0:0:0:0:1] failed: Connection refused: connect
[2022-07-28T19:50:02.002Z] [com.netflix.discovery.shared.transport.decorator.RedirectingEurekaHttpClient] [DiscoveryClient-InstanceInfoReplicator-0] [84] [INFO ] Request execution error. endpoint=DefaultEndpoint{ serviceUrl='http://localhost:8761/eureka/}, exception=I/O error on POST request for "http://localhost:8761/eureka/apps/DRUGS-SERVICE": Connect to localhost:8761 [localhost/127.0.0.1, localhost/0:0:0:0:0:0:0:1] failed: Connection refused: connect; nested exception is org.apache.http.conn.HttpHostConnectException: Connect to localhost:8761 [localhost/127.0.0.1, localhost/0:0:0:0:0:0:0:1] failed: Connection refused: connect stacktrace=org.springframework.web.client.ResourceAccessException: I/O error on POST request for "http://localhost:8761/eureka/apps/DRUGS-SERVICE": Connect to localhost:8761 [localhost/127.0.0.1, localhost/0:0:0:0:0:0:0:1] failed: Connection refused: connect; nested exception is org.apache.http.conn.HttpHostConnectException: Connect to localhost:8761 [localhost/127.0.0.1, localhost/0:0:0:0:0:0:0:1] failed: Connection refused: connect
	at org.springframework.web.client.RestTemplate.doExecute(RestTemplate.java:785)
	at org.springframework.web.client.RestTemplate.execute(RestTemplate.java:711)
	at org.springframework.web.client.RestTemplate.exchange(RestTemplate.java:602)
	at org.springframework.cloud.netflix.eureka.http.RestTemplateEurekaHttpClient.register(RestTemplateEurekaHttpClient.java:77)
	at com.netflix.discovery.shared.transport.decorator.EurekaHttpClientDecorator$1.execute(EurekaHttpClientDecorator.java:59)
	at com.netflix.discovery.shared.transport.decorator.RedirectingEurekaHttpClient.executeOnNewServer(RedirectingEurekaHttpClient.java:121)
	at com.netflix.discovery.shared.transport.decorator.RedirectingEurekaHttpClient.execute(RedirectingEurekaHttpClient.java:80)
	at com.netflix.discovery.shared.transport.decorator.EurekaHttpClientDecorator.register(EurekaHttpClientDecorator.java:56)
	at com.netflix.discovery.shared.transport.decorator.EurekaHttpClientDecorator$1.execute(EurekaHttpClientDecorator.java:59)
	at com.netflix.discovery.shared.transport.decorator.RetryableEurekaHttpClient.execute(RetryableEurekaHttpClient.java:120)
	at com.netflix.discovery.shared.transport.decorator.EurekaHttpClientDecorator.register(EurekaHttpClientDecorator.java:56)
	at com.netflix.discovery.shared.transport.decorator.EurekaHttpClientDecorator$1.execute(EurekaHttpClientDecorator.java:59)
	at com.netflix.discovery.shared.transport.decorator.SessionedEurekaHttpClient.execute(SessionedEurekaHttpClient.java:77)
	at com.netflix.discovery.shared.transport.decorator.EurekaHttpClientDecorator.register(EurekaHttpClientDecorator.java:56)
	at com.netflix.discovery.DiscoveryClient.register(DiscoveryClient.java:876)
	at com.netflix.discovery.InstanceInfoReplicator.run(InstanceInfoReplicator.java:121)
	at com.netflix.discovery.InstanceInfoReplicator$1.run(InstanceInfoReplicator.java:101)
	at java.base/java.util.concurrent.Executors$RunnableAdapter.call(Executors.java:539)
	at java.base/java.util.concurrent.FutureTask.run(FutureTask.java:264)
	at java.base/java.util.concurrent.ScheduledThreadPoolExecutor$ScheduledFutureTask.run(ScheduledThreadPoolExecutor.java:304)
	at java.base/java.util.concurrent.ThreadPoolExecutor.runWorker(ThreadPoolExecutor.java:1136)
	at java.base/java.util.concurrent.ThreadPoolExecutor$Worker.run(ThreadPoolExecutor.java:635)
	at java.base/java.lang.Thread.run(Thread.java:833)
Caused by: org.apache.http.conn.HttpHostConnectException: Connect to localhost:8761 [localhost/127.0.0.1, localhost/0:0:0:0:0:0:0:1] failed: Connection refused: connect
	at org.apache.http.impl.conn.DefaultHttpClientConnectionOperator.connect(DefaultHttpClientConnectionOperator.java:156)
	at org.apache.http.impl.conn.PoolingHttpClientConnectionManager.connect(PoolingHttpClientConnectionManager.java:376)
	at org.apache.http.impl.execchain.MainClientExec.establishRoute(MainClientExec.java:393)
	at org.apache.http.impl.execchain.MainClientExec.execute(MainClientExec.java:236)
	at org.apache.http.impl.execchain.ProtocolExec.execute(ProtocolExec.java:186)
	at org.apache.http.impl.execchain.RetryExec.execute(RetryExec.java:89)
	at org.apache.http.impl.execchain.RedirectExec.execute(RedirectExec.java:110)
	at org.apache.http.impl.client.InternalHttpClient.doExecute(InternalHttpClient.java:185)
	at org.apache.http.impl.client.CloseableHttpClient.execute(CloseableHttpClient.java:83)
	at org.apache.http.impl.client.CloseableHttpClient.execute(CloseableHttpClient.java:56)
	at org.springframework.http.client.HttpComponentsClientHttpRequest.executeInternal(HttpComponentsClientHttpRequest.java:87)
	at org.springframework.http.client.AbstractBufferingClientHttpRequest.executeInternal(AbstractBufferingClientHttpRequest.java:48)
	at org.springframework.http.client.AbstractClientHttpRequest.execute(AbstractClientHttpRequest.java:66)
	at org.springframework.web.client.RestTemplate.doExecute(RestTemplate.java:776)
	... 22 more
Caused by: java.net.ConnectException: Connection refused: connect
	at java.base/sun.nio.ch.Net.connect0(Native Method)
	at java.base/sun.nio.ch.Net.connect(Net.java:579)
	at java.base/sun.nio.ch.Net.connect(Net.java:568)
	at java.base/sun.nio.ch.NioSocketImpl.connect(NioSocketImpl.java:588)
	at java.base/java.net.SocksSocketImpl.connect(SocksSocketImpl.java:327)
	at java.base/java.net.Socket.connect(Socket.java:633)
	at org.apache.http.conn.socket.PlainConnectionSocketFactory.connectSocket(PlainConnectionSocketFactory.java:75)
	at org.apache.http.impl.conn.DefaultHttpClientConnectionOperator.connect(DefaultHttpClientConnectionOperator.java:142)
	... 35 more

[2022-07-28T19:50:02.002Z] [com.netflix.discovery.shared.transport.decorator.RetryableEurekaHttpClient] [DiscoveryClient-InstanceInfoReplicator-0] [130] [WARN ] Request execution failed with message: I/O error on POST request for "http://localhost:8761/eureka/apps/DRUGS-SERVICE": Connect to localhost:8761 [localhost/127.0.0.1, localhost/0:0:0:0:0:0:0:1] failed: Connection refused: connect; nested exception is org.apache.http.conn.HttpHostConnectException: Connect to localhost:8761 [localhost/127.0.0.1, localhost/0:0:0:0:0:0:0:1] failed: Connection refused: connect
[2022-07-28T19:50:02.002Z] [com.netflix.discovery.DiscoveryClient] [DiscoveryClient-InstanceInfoReplicator-0] [878] [WARN ] DiscoveryClient_DRUGS-SERVICE/inlen8520018531.corp.capgemini.com:drugs-service:8099 - registration failed Cannot execute request on any known server
com.netflix.discovery.shared.transport.TransportException: Cannot execute request on any known server
	at com.netflix.discovery.shared.transport.decorator.RetryableEurekaHttpClient.execute(RetryableEurekaHttpClient.java:112)
	at com.netflix.discovery.shared.transport.decorator.EurekaHttpClientDecorator.register(EurekaHttpClientDecorator.java:56)
	at com.netflix.discovery.shared.transport.decorator.EurekaHttpClientDecorator$1.execute(EurekaHttpClientDecorator.java:59)
	at com.netflix.discovery.shared.transport.decorator.SessionedEurekaHttpClient.execute(SessionedEurekaHttpClient.java:77)
	at com.netflix.discovery.shared.transport.decorator.EurekaHttpClientDecorator.register(EurekaHttpClientDecorator.java:56)
	at com.netflix.discovery.DiscoveryClient.register(DiscoveryClient.java:876)
	at com.netflix.discovery.InstanceInfoReplicator.run(InstanceInfoReplicator.java:121)
	at com.netflix.discovery.InstanceInfoReplicator$1.run(InstanceInfoReplicator.java:101)
	at java.base/java.util.concurrent.Executors$RunnableAdapter.call(Executors.java:539)
	at java.base/java.util.concurrent.FutureTask.run(FutureTask.java:264)
	at java.base/java.util.concurrent.ScheduledThreadPoolExecutor$ScheduledFutureTask.run(ScheduledThreadPoolExecutor.java:304)
	at java.base/java.util.concurrent.ThreadPoolExecutor.runWorker(ThreadPoolExecutor.java:1136)
	at java.base/java.util.concurrent.ThreadPoolExecutor$Worker.run(ThreadPoolExecutor.java:635)
	at java.base/java.lang.Thread.run(Thread.java:833)
[2022-07-28T19:50:02.002Z] [com.netflix.discovery.InstanceInfoReplicator] [DiscoveryClient-InstanceInfoReplicator-0] [125] [WARN ] There was a problem with the instance info replicator
com.netflix.discovery.shared.transport.TransportException: Cannot execute request on any known server
	at com.netflix.discovery.shared.transport.decorator.RetryableEurekaHttpClient.execute(RetryableEurekaHttpClient.java:112)
	at com.netflix.discovery.shared.transport.decorator.EurekaHttpClientDecorator.register(EurekaHttpClientDecorator.java:56)
	at com.netflix.discovery.shared.transport.decorator.EurekaHttpClientDecorator$1.execute(EurekaHttpClientDecorator.java:59)
	at com.netflix.discovery.shared.transport.decorator.SessionedEurekaHttpClient.execute(SessionedEurekaHttpClient.java:77)
	at com.netflix.discovery.shared.transport.decorator.EurekaHttpClientDecorator.register(EurekaHttpClientDecorator.java:56)
	at com.netflix.discovery.DiscoveryClient.register(DiscoveryClient.java:876)
	at com.netflix.discovery.InstanceInfoReplicator.run(InstanceInfoReplicator.java:121)
	at com.netflix.discovery.InstanceInfoReplicator$1.run(InstanceInfoReplicator.java:101)
	at java.base/java.util.concurrent.Executors$RunnableAdapter.call(Executors.java:539)
	at java.base/java.util.concurrent.FutureTask.run(FutureTask.java:264)
	at java.base/java.util.concurrent.ScheduledThreadPoolExecutor$ScheduledFutureTask.run(ScheduledThreadPoolExecutor.java:304)
	at java.base/java.util.concurrent.ThreadPoolExecutor.runWorker(ThreadPoolExecutor.java:1136)
	at java.base/java.util.concurrent.ThreadPoolExecutor$Worker.run(ThreadPoolExecutor.java:635)
	at java.base/java.lang.Thread.run(Thread.java:833)
[2022-07-28T19:50:02.002Z] [com.netflix.discovery.DiscoveryClient] [RMI TCP Connection(51)-127.0.0.1] [935] [INFO ] Shutting down DiscoveryClient ...
[2022-07-28T19:50:05.005Z] [com.netflix.discovery.DiscoveryClient] [RMI TCP Connection(51)-127.0.0.1] [971] [INFO ] Unregistering ...
[2022-07-28T19:50:05.005Z] [com.netflix.discovery.shared.transport.decorator.RedirectingEurekaHttpClient] [RMI TCP Connection(51)-127.0.0.1] [84] [INFO ] Request execution error. endpoint=DefaultEndpoint{ serviceUrl='http://localhost:8761/eureka/}, exception=I/O error on DELETE request for "http://localhost:8761/eureka/apps/DRUGS-SERVICE/inlen8520018531.corp.capgemini.com:drugs-service:8099": Connect to localhost:8761 [localhost/127.0.0.1, localhost/0:0:0:0:0:0:0:1] failed: Connection refused: connect; nested exception is org.apache.http.conn.HttpHostConnectException: Connect to localhost:8761 [localhost/127.0.0.1, localhost/0:0:0:0:0:0:0:1] failed: Connection refused: connect stacktrace=org.springframework.web.client.ResourceAccessException: I/O error on DELETE request for "http://localhost:8761/eureka/apps/DRUGS-SERVICE/inlen8520018531.corp.capgemini.com:drugs-service:8099": Connect to localhost:8761 [localhost/127.0.0.1, localhost/0:0:0:0:0:0:0:1] failed: Connection refused: connect; nested exception is org.apache.http.conn.HttpHostConnectException: Connect to localhost:8761 [localhost/127.0.0.1, localhost/0:0:0:0:0:0:0:1] failed: Connection refused: connect
	at org.springframework.web.client.RestTemplate.doExecute(RestTemplate.java:785)
	at org.springframework.web.client.RestTemplate.execute(RestTemplate.java:711)
	at org.springframework.web.client.RestTemplate.exchange(RestTemplate.java:602)
	at org.springframework.cloud.netflix.eureka.http.RestTemplateEurekaHttpClient.cancel(RestTemplateEurekaHttpClient.java:87)
	at com.netflix.discovery.shared.transport.decorator.EurekaHttpClientDecorator$2.execute(EurekaHttpClientDecorator.java:74)
	at com.netflix.discovery.shared.transport.decorator.RedirectingEurekaHttpClient.executeOnNewServer(RedirectingEurekaHttpClient.java:121)
	at com.netflix.discovery.shared.transport.decorator.RedirectingEurekaHttpClient.execute(RedirectingEurekaHttpClient.java:80)
	at com.netflix.discovery.shared.transport.decorator.EurekaHttpClientDecorator.cancel(EurekaHttpClientDecorator.java:71)
	at com.netflix.discovery.shared.transport.decorator.EurekaHttpClientDecorator$2.execute(EurekaHttpClientDecorator.java:74)
	at com.netflix.discovery.shared.transport.decorator.RetryableEurekaHttpClient.execute(RetryableEurekaHttpClient.java:120)
	at com.netflix.discovery.shared.transport.decorator.EurekaHttpClientDecorator.cancel(EurekaHttpClientDecorator.java:71)
	at com.netflix.discovery.shared.transport.decorator.EurekaHttpClientDecorator$2.execute(EurekaHttpClientDecorator.java:74)
	at com.netflix.discovery.shared.transport.decorator.SessionedEurekaHttpClient.execute(SessionedEurekaHttpClient.java:77)
	at com.netflix.discovery.shared.transport.decorator.EurekaHttpClientDecorator.cancel(EurekaHttpClientDecorator.java:71)
	at com.netflix.discovery.DiscoveryClient.unregister(DiscoveryClient.java:972)
	at com.netflix.discovery.DiscoveryClient.shutdown(DiscoveryClient.java:948)
	at java.base/jdk.internal.reflect.NativeMethodAccessorImpl.invoke0(Native Method)
	at java.base/jdk.internal.reflect.NativeMethodAccessorImpl.invoke(NativeMethodAccessorImpl.java:77)
	at java.base/jdk.internal.reflect.DelegatingMethodAccessorImpl.invoke(DelegatingMethodAccessorImpl.java:43)
	at java.base/java.lang.reflect.Method.invoke(Method.java:568)
	at org.springframework.beans.factory.annotation.InitDestroyAnnotationBeanPostProcessor$LifecycleElement.invoke(InitDestroyAnnotationBeanPostProcessor.java:389)
	at org.springframework.beans.factory.annotation.InitDestroyAnnotationBeanPostProcessor$LifecycleMetadata.invokeDestroyMethods(InitDestroyAnnotationBeanPostProcessor.java:347)
	at org.springframework.beans.factory.annotation.InitDestroyAnnotationBeanPostProcessor.postProcessBeforeDestruction(InitDestroyAnnotationBeanPostProcessor.java:177)
	at org.springframework.beans.factory.support.DisposableBeanAdapter.destroy(DisposableBeanAdapter.java:197)
	at org.springframework.beans.factory.support.DisposableBeanAdapter.run(DisposableBeanAdapter.java:190)
	at org.springframework.cloud.context.scope.GenericScope$BeanLifecycleWrapper.destroy(GenericScope.java:390)
	at org.springframework.cloud.context.scope.GenericScope.destroy(GenericScope.java:136)
	at org.springframework.beans.factory.support.DisposableBeanAdapter.destroy(DisposableBeanAdapter.java:213)
	at org.springframework.beans.factory.support.DefaultSingletonBeanRegistry.destroyBean(DefaultSingletonBeanRegistry.java:587)
	at org.springframework.beans.factory.support.DefaultSingletonBeanRegistry.destroySingleton(DefaultSingletonBeanRegistry.java:559)
	at org.springframework.beans.factory.support.DefaultListableBeanFactory.destroySingleton(DefaultListableBeanFactory.java:1163)
	at org.springframework.beans.factory.support.DefaultSingletonBeanRegistry.destroySingletons(DefaultSingletonBeanRegistry.java:520)
	at org.springframework.beans.factory.support.DefaultListableBeanFactory.destroySingletons(DefaultListableBeanFactory.java:1156)
	at org.springframework.context.support.AbstractApplicationContext.destroyBeans(AbstractApplicationContext.java:1106)
	at org.springframework.context.support.AbstractApplicationContext.doClose(AbstractApplicationContext.java:1075)
	at org.springframework.boot.web.servlet.context.ServletWebServerApplicationContext.doClose(ServletWebServerApplicationContext.java:174)
	at org.springframework.context.support.AbstractApplicationContext.close(AbstractApplicationContext.java:1021)
	at org.springframework.boot.admin.SpringApplicationAdminMXBeanRegistrar$SpringApplicationAdmin.shutdown(SpringApplicationAdminMXBeanRegistrar.java:160)
	at java.base/jdk.internal.reflect.NativeMethodAccessorImpl.invoke0(Native Method)
	at java.base/jdk.internal.reflect.NativeMethodAccessorImpl.invoke(NativeMethodAccessorImpl.java:77)
	at java.base/jdk.internal.reflect.DelegatingMethodAccessorImpl.invoke(DelegatingMethodAccessorImpl.java:43)
	at java.base/java.lang.reflect.Method.invoke(Method.java:568)
	at sun.reflect.misc.Trampoline.invoke(MethodUtil.java:72)
	at java.base/jdk.internal.reflect.NativeMethodAccessorImpl.invoke0(Native Method)
	at java.base/jdk.internal.reflect.NativeMethodAccessorImpl.invoke(NativeMethodAccessorImpl.java:77)
	at java.base/jdk.internal.reflect.DelegatingMethodAccessorImpl.invoke(DelegatingMethodAccessorImpl.java:43)
	at java.base/java.lang.reflect.Method.invoke(Method.java:568)
	at java.base/sun.reflect.misc.MethodUtil.invoke(MethodUtil.java:262)
	at java.management/com.sun.jmx.mbeanserver.ConvertingMethod.invokeWithOpenReturn(ConvertingMethod.java:193)
	at java.management/com.sun.jmx.mbeanserver.ConvertingMethod.invokeWithOpenReturn(ConvertingMethod.java:175)
	at java.management/com.sun.jmx.mbeanserver.MXBeanIntrospector.invokeM2(MXBeanIntrospector.java:117)
	at java.management/com.sun.jmx.mbeanserver.MXBeanIntrospector.invokeM2(MXBeanIntrospector.java:54)
	at java.management/com.sun.jmx.mbeanserver.MBeanIntrospector.invokeM(MBeanIntrospector.java:237)
	at java.management/com.sun.jmx.mbeanserver.PerInterface.invoke(PerInterface.java:138)
	at java.management/com.sun.jmx.mbeanserver.MBeanSupport.invoke(MBeanSupport.java:252)
	at java.management/com.sun.jmx.interceptor.DefaultMBeanServerInterceptor.invoke(DefaultMBeanServerInterceptor.java:814)
	at java.management/com.sun.jmx.mbeanserver.JmxMBeanServer.invoke(JmxMBeanServer.java:802)
	at java.management.rmi/javax.management.remote.rmi.RMIConnectionImpl.doOperation(RMIConnectionImpl.java:1472)
	at java.management.rmi/javax.management.remote.rmi.RMIConnectionImpl$PrivilegedOperation.run(RMIConnectionImpl.java:1310)
	at java.management.rmi/javax.management.remote.rmi.RMIConnectionImpl.doPrivilegedOperation(RMIConnectionImpl.java:1405)
	at java.management.rmi/javax.management.remote.rmi.RMIConnectionImpl.invoke(RMIConnectionImpl.java:829)
	at java.base/jdk.internal.reflect.NativeMethodAccessorImpl.invoke0(Native Method)
	at java.base/jdk.internal.reflect.NativeMethodAccessorImpl.invoke(NativeMethodAccessorImpl.java:77)
	at java.base/jdk.internal.reflect.DelegatingMethodAccessorImpl.invoke(DelegatingMethodAccessorImpl.java:43)
	at java.base/java.lang.reflect.Method.invoke(Method.java:568)
	at java.rmi/sun.rmi.server.UnicastServerRef.dispatch(UnicastServerRef.java:360)
	at java.rmi/sun.rmi.transport.Transport$1.run(Transport.java:200)
	at java.rmi/sun.rmi.transport.Transport$1.run(Transport.java:197)
	at java.base/java.security.AccessController.doPrivileged(AccessController.java:712)
	at java.rmi/sun.rmi.transport.Transport.serviceCall(Transport.java:196)
	at java.rmi/sun.rmi.transport.tcp.TCPTransport.handleMessages(TCPTransport.java:587)
	at java.rmi/sun.rmi.transport.tcp.TCPTransport$ConnectionHandler.run0(TCPTransport.java:828)
	at java.rmi/sun.rmi.transport.tcp.TCPTransport$ConnectionHandler.lambda$run$0(TCPTransport.java:705)
	at java.base/java.security.AccessController.doPrivileged(AccessController.java:399)
	at java.rmi/sun.rmi.transport.tcp.TCPTransport$ConnectionHandler.run(TCPTransport.java:704)
	at java.base/java.util.concurrent.ThreadPoolExecutor.runWorker(ThreadPoolExecutor.java:1136)
	at java.base/java.util.concurrent.ThreadPoolExecutor$Worker.run(ThreadPoolExecutor.java:635)
	at java.base/java.lang.Thread.run(Thread.java:833)
Caused by: org.apache.http.conn.HttpHostConnectException: Connect to localhost:8761 [localhost/127.0.0.1, localhost/0:0:0:0:0:0:0:1] failed: Connection refused: connect
	at org.apache.http.impl.conn.DefaultHttpClientConnectionOperator.connect(DefaultHttpClientConnectionOperator.java:156)
	at org.apache.http.impl.conn.PoolingHttpClientConnectionManager.connect(PoolingHttpClientConnectionManager.java:376)
	at org.apache.http.impl.execchain.MainClientExec.establishRoute(MainClientExec.java:393)
	at org.apache.http.impl.execchain.MainClientExec.execute(MainClientExec.java:236)
	at org.apache.http.impl.execchain.ProtocolExec.execute(ProtocolExec.java:186)
	at org.apache.http.impl.execchain.RetryExec.execute(RetryExec.java:89)
	at org.apache.http.impl.execchain.RedirectExec.execute(RedirectExec.java:110)
	at org.apache.http.impl.client.InternalHttpClient.doExecute(InternalHttpClient.java:185)
	at org.apache.http.impl.client.CloseableHttpClient.execute(CloseableHttpClient.java:83)
	at org.apache.http.impl.client.CloseableHttpClient.execute(CloseableHttpClient.java:56)
	at org.springframework.http.client.HttpComponentsClientHttpRequest.executeInternal(HttpComponentsClientHttpRequest.java:87)
	at org.springframework.http.client.AbstractBufferingClientHttpRequest.executeInternal(AbstractBufferingClientHttpRequest.java:48)
	at org.springframework.http.client.AbstractClientHttpRequest.execute(AbstractClientHttpRequest.java:66)
	at org.springframework.web.client.RestTemplate.doExecute(RestTemplate.java:776)
	... 77 more
Caused by: java.net.ConnectException: Connection refused: connect
	at java.base/sun.nio.ch.Net.connect0(Native Method)
	at java.base/sun.nio.ch.Net.connect(Net.java:579)
	at java.base/sun.nio.ch.Net.connect(Net.java:568)
	at java.base/sun.nio.ch.NioSocketImpl.connect(NioSocketImpl.java:588)
	at java.base/java.net.SocksSocketImpl.connect(SocksSocketImpl.java:327)
	at java.base/java.net.Socket.connect(Socket.java:633)
	at org.apache.http.conn.socket.PlainConnectionSocketFactory.connectSocket(PlainConnectionSocketFactory.java:75)
	at org.apache.http.impl.conn.DefaultHttpClientConnectionOperator.connect(DefaultHttpClientConnectionOperator.java:142)
	... 90 more

[2022-07-28T19:50:05.005Z] [com.netflix.discovery.shared.transport.decorator.RetryableEurekaHttpClient] [RMI TCP Connection(51)-127.0.0.1] [130] [WARN ] Request execution failed with message: I/O error on DELETE request for "http://localhost:8761/eureka/apps/DRUGS-SERVICE/inlen8520018531.corp.capgemini.com:drugs-service:8099": Connect to localhost:8761 [localhost/127.0.0.1, localhost/0:0:0:0:0:0:0:1] failed: Connection refused: connect; nested exception is org.apache.http.conn.HttpHostConnectException: Connect to localhost:8761 [localhost/127.0.0.1, localhost/0:0:0:0:0:0:0:1] failed: Connection refused: connect
[2022-07-28T19:50:05.005Z] [com.netflix.discovery.DiscoveryClient] [RMI TCP Connection(51)-127.0.0.1] [975] [ERROR] DiscoveryClient_DRUGS-SERVICE/inlen8520018531.corp.capgemini.com:drugs-service:8099 - de-registration failedCannot execute request on any known server
com.netflix.discovery.shared.transport.TransportException: Cannot execute request on any known server
	at com.netflix.discovery.shared.transport.decorator.RetryableEurekaHttpClient.execute(RetryableEurekaHttpClient.java:112)
	at com.netflix.discovery.shared.transport.decorator.EurekaHttpClientDecorator.cancel(EurekaHttpClientDecorator.java:71)
	at com.netflix.discovery.shared.transport.decorator.EurekaHttpClientDecorator$2.execute(EurekaHttpClientDecorator.java:74)
	at com.netflix.discovery.shared.transport.decorator.SessionedEurekaHttpClient.execute(SessionedEurekaHttpClient.java:77)
	at com.netflix.discovery.shared.transport.decorator.EurekaHttpClientDecorator.cancel(EurekaHttpClientDecorator.java:71)
	at com.netflix.discovery.DiscoveryClient.unregister(DiscoveryClient.java:972)
	at com.netflix.discovery.DiscoveryClient.shutdown(DiscoveryClient.java:948)
	at java.base/jdk.internal.reflect.NativeMethodAccessorImpl.invoke0(Native Method)
	at java.base/jdk.internal.reflect.NativeMethodAccessorImpl.invoke(NativeMethodAccessorImpl.java:77)
	at java.base/jdk.internal.reflect.DelegatingMethodAccessorImpl.invoke(DelegatingMethodAccessorImpl.java:43)
	at java.base/java.lang.reflect.Method.invoke(Method.java:568)
	at org.springframework.beans.factory.annotation.InitDestroyAnnotationBeanPostProcessor$LifecycleElement.invoke(InitDestroyAnnotationBeanPostProcessor.java:389)
	at org.springframework.beans.factory.annotation.InitDestroyAnnotationBeanPostProcessor$LifecycleMetadata.invokeDestroyMethods(InitDestroyAnnotationBeanPostProcessor.java:347)
	at org.springframework.beans.factory.annotation.InitDestroyAnnotationBeanPostProcessor.postProcessBeforeDestruction(InitDestroyAnnotationBeanPostProcessor.java:177)
	at org.springframework.beans.factory.support.DisposableBeanAdapter.destroy(DisposableBeanAdapter.java:197)
	at org.springframework.beans.factory.support.DisposableBeanAdapter.run(DisposableBeanAdapter.java:190)
	at org.springframework.cloud.context.scope.GenericScope$BeanLifecycleWrapper.destroy(GenericScope.java:390)
	at org.springframework.cloud.context.scope.GenericScope.destroy(GenericScope.java:136)
	at org.springframework.beans.factory.support.DisposableBeanAdapter.destroy(DisposableBeanAdapter.java:213)
	at org.springframework.beans.factory.support.DefaultSingletonBeanRegistry.destroyBean(DefaultSingletonBeanRegistry.java:587)
	at org.springframework.beans.factory.support.DefaultSingletonBeanRegistry.destroySingleton(DefaultSingletonBeanRegistry.java:559)
	at org.springframework.beans.factory.support.DefaultListableBeanFactory.destroySingleton(DefaultListableBeanFactory.java:1163)
	at org.springframework.beans.factory.support.DefaultSingletonBeanRegistry.destroySingletons(DefaultSingletonBeanRegistry.java:520)
	at org.springframework.beans.factory.support.DefaultListableBeanFactory.destroySingletons(DefaultListableBeanFactory.java:1156)
	at org.springframework.context.support.AbstractApplicationContext.destroyBeans(AbstractApplicationContext.java:1106)
	at org.springframework.context.support.AbstractApplicationContext.doClose(AbstractApplicationContext.java:1075)
	at org.springframework.boot.web.servlet.context.ServletWebServerApplicationContext.doClose(ServletWebServerApplicationContext.java:174)
	at org.springframework.context.support.AbstractApplicationContext.close(AbstractApplicationContext.java:1021)
	at org.springframework.boot.admin.SpringApplicationAdminMXBeanRegistrar$SpringApplicationAdmin.shutdown(SpringApplicationAdminMXBeanRegistrar.java:160)
	at java.base/jdk.internal.reflect.NativeMethodAccessorImpl.invoke0(Native Method)
	at java.base/jdk.internal.reflect.NativeMethodAccessorImpl.invoke(NativeMethodAccessorImpl.java:77)
	at java.base/jdk.internal.reflect.DelegatingMethodAccessorImpl.invoke(DelegatingMethodAccessorImpl.java:43)
	at java.base/java.lang.reflect.Method.invoke(Method.java:568)
	at sun.reflect.misc.Trampoline.invoke(MethodUtil.java:72)
	at java.base/jdk.internal.reflect.NativeMethodAccessorImpl.invoke0(Native Method)
	at java.base/jdk.internal.reflect.NativeMethodAccessorImpl.invoke(NativeMethodAccessorImpl.java:77)
	at java.base/jdk.internal.reflect.DelegatingMethodAccessorImpl.invoke(DelegatingMethodAccessorImpl.java:43)
	at java.base/java.lang.reflect.Method.invoke(Method.java:568)
	at java.base/sun.reflect.misc.MethodUtil.invoke(MethodUtil.java:262)
	at java.management/com.sun.jmx.mbeanserver.ConvertingMethod.invokeWithOpenReturn(ConvertingMethod.java:193)
	at java.management/com.sun.jmx.mbeanserver.ConvertingMethod.invokeWithOpenReturn(ConvertingMethod.java:175)
	at java.management/com.sun.jmx.mbeanserver.MXBeanIntrospector.invokeM2(MXBeanIntrospector.java:117)
	at java.management/com.sun.jmx.mbeanserver.MXBeanIntrospector.invokeM2(MXBeanIntrospector.java:54)
	at java.management/com.sun.jmx.mbeanserver.MBeanIntrospector.invokeM(MBeanIntrospector.java:237)
	at java.management/com.sun.jmx.mbeanserver.PerInterface.invoke(PerInterface.java:138)
	at java.management/com.sun.jmx.mbeanserver.MBeanSupport.invoke(MBeanSupport.java:252)
	at java.management/com.sun.jmx.interceptor.DefaultMBeanServerInterceptor.invoke(DefaultMBeanServerInterceptor.java:814)
	at java.management/com.sun.jmx.mbeanserver.JmxMBeanServer.invoke(JmxMBeanServer.java:802)
	at java.management.rmi/javax.management.remote.rmi.RMIConnectionImpl.doOperation(RMIConnectionImpl.java:1472)
	at java.management.rmi/javax.management.remote.rmi.RMIConnectionImpl$PrivilegedOperation.run(RMIConnectionImpl.java:1310)
	at java.management.rmi/javax.management.remote.rmi.RMIConnectionImpl.doPrivilegedOperation(RMIConnectionImpl.java:1405)
	at java.management.rmi/javax.management.remote.rmi.RMIConnectionImpl.invoke(RMIConnectionImpl.java:829)
	at java.base/jdk.internal.reflect.NativeMethodAccessorImpl.invoke0(Native Method)
	at java.base/jdk.internal.reflect.NativeMethodAccessorImpl.invoke(NativeMethodAccessorImpl.java:77)
	at java.base/jdk.internal.reflect.DelegatingMethodAccessorImpl.invoke(DelegatingMethodAccessorImpl.java:43)
	at java.base/java.lang.reflect.Method.invoke(Method.java:568)
	at java.rmi/sun.rmi.server.UnicastServerRef.dispatch(UnicastServerRef.java:360)
	at java.rmi/sun.rmi.transport.Transport$1.run(Transport.java:200)
	at java.rmi/sun.rmi.transport.Transport$1.run(Transport.java:197)
	at java.base/java.security.AccessController.doPrivileged(AccessController.java:712)
	at java.rmi/sun.rmi.transport.Transport.serviceCall(Transport.java:196)
	at java.rmi/sun.rmi.transport.tcp.TCPTransport.handleMessages(TCPTransport.java:587)
	at java.rmi/sun.rmi.transport.tcp.TCPTransport$ConnectionHandler.run0(TCPTransport.java:828)
	at java.rmi/sun.rmi.transport.tcp.TCPTransport$ConnectionHandler.lambda$run$0(TCPTransport.java:705)
	at java.base/java.security.AccessController.doPrivileged(AccessController.java:399)
	at java.rmi/sun.rmi.transport.tcp.TCPTransport$ConnectionHandler.run(TCPTransport.java:704)
	at java.base/java.util.concurrent.ThreadPoolExecutor.runWorker(ThreadPoolExecutor.java:1136)
	at java.base/java.util.concurrent.ThreadPoolExecutor$Worker.run(ThreadPoolExecutor.java:635)
	at java.base/java.lang.Thread.run(Thread.java:833)
[2022-07-28T19:50:05.005Z] [com.netflix.discovery.DiscoveryClient] [RMI TCP Connection(51)-127.0.0.1] [960] [INFO ] Completed shut down of DiscoveryClient
[2022-07-28T19:50:31.031Z] [org.springframework.boot.StartupInfoLogger] [restartedMain] [55] [INFO ] Starting DrugsServiceApplication using Java 17.0.2 on inlen8520018531 with PID 19020 (C:\Users\MEGHGR\git\PharmacyManagementSystem\drugs-service\target\classes started by meghgr in C:\Users\MEGHGR\git\PharmacyManagementSystem\drugs-service)
[2022-07-28T19:50:31.031Z] [org.springframework.boot.SpringApplication] [restartedMain] [634] [INFO ] No active profile set, falling back to 1 default profile: "default"
[2022-07-28T19:50:31.031Z] [org.springframework.boot.logging.DeferredLog] [restartedMain] [255] [INFO ] Devtools property defaults active! Set 'spring.devtools.add-properties' to 'false' to disable
[2022-07-28T19:50:31.031Z] [org.springframework.boot.logging.DeferredLog] [restartedMain] [255] [INFO ] For additional web related logging consider setting the 'logging.level.web' property to 'DEBUG'
[2022-07-28T19:50:32.032Z] [org.springframework.data.repository.config.RepositoryConfigurationDelegate] [restartedMain] [132] [INFO ] Bootstrapping Spring Data MongoDB repositories in DEFAULT mode.
[2022-07-28T19:50:32.032Z] [org.springframework.data.repository.config.RepositoryConfigurationDelegate] [restartedMain] [201] [INFO ] Finished Spring Data repository scanning in 101 ms. Found 1 MongoDB repository interfaces.
[2022-07-28T19:50:32.032Z] [org.springframework.cloud.context.scope.GenericScope] [restartedMain] [283] [INFO ] BeanFactory id=ebaa1f78-d191-389d-b85b-bd9a7b98f5e2
[2022-07-28T19:50:33.033Z] [org.springframework.boot.web.embedded.tomcat.TomcatWebServer] [restartedMain] [108] [INFO ] Tomcat initialized with port(s): 8099 (http)
[2022-07-28T19:50:33.033Z] [org.apache.juli.logging.DirectJDKLog] [restartedMain] [173] [INFO ] Initializing ProtocolHandler ["http-nio-8099"]
[2022-07-28T19:50:33.033Z] [org.apache.juli.logging.DirectJDKLog] [restartedMain] [173] [INFO ] Starting service [Tomcat]
[2022-07-28T19:50:33.033Z] [org.apache.juli.logging.DirectJDKLog] [restartedMain] [173] [INFO ] Starting Servlet engine: [Apache Tomcat/9.0.65]
[2022-07-28T19:50:33.033Z] [org.apache.juli.logging.DirectJDKLog] [restartedMain] [173] [INFO ] Initializing Spring embedded WebApplicationContext
[2022-07-28T19:50:33.033Z] [org.springframework.boot.web.servlet.context.ServletWebServerApplicationContext] [restartedMain] [292] [INFO ] Root WebApplicationContext: initialization completed in 1158 ms
[2022-07-28T19:50:33.033Z] [com.mongodb.diagnostics.logging.SLF4JLogger] [restartedMain] [71] [INFO ] MongoClient with metadata {"driver": {"name": "mongo-java-driver|sync|spring-boot", "version": "4.6.1"}, "os": {"type": "Windows", "name": "Windows 10", "architecture": "amd64", "version": "10.0"}, "platform": "Java/Eclipse Adoptium/17.0.2+8"} created with settings MongoClientSettings{readPreference=primary, writeConcern=WriteConcern{w=majority, wTimeout=null ms, journal=null}, retryWrites=true, retryReads=true, readConcern=ReadConcern{level=null}, credential=MongoCredential{mechanism=null, userName='mongodb', source='admin', password=<hidden>, mechanismProperties=<hidden>}, streamFactoryFactory=null, commandListeners=[], codecRegistry=ProvidersCodecRegistry{codecProviders=[ValueCodecProvider{}, BsonValueCodecProvider{}, DBRefCodecProvider{}, DBObjectCodecProvider{}, DocumentCodecProvider{}, IterableCodecProvider{}, MapCodecProvider{}, GeoJsonCodecProvider{}, GridFSFileCodecProvider{}, Jsr310CodecProvider{}, JsonObjectCodecProvider{}, BsonCodecProvider{}, EnumCodecProvider{}, com.mongodb.Jep395RecordCodecProvider@f8f48e]}, clusterSettings={hosts=[127.0.0.1:27017], srvHost=test.zzsab.mongodb.net, srvServiceName=mongodb, mode=MULTIPLE, requiredClusterType=REPLICA_SET, requiredReplicaSetName='atlas-s8fbf7-shard-0', serverSelector='null', clusterListeners='[]', serverSelectionTimeout='30000 ms', localThreshold='30000 ms'}, socketSettings=SocketSettings{connectTimeoutMS=10000, readTimeoutMS=0, receiveBufferSize=0, sendBufferSize=0}, heartbeatSocketSettings=SocketSettings{connectTimeoutMS=10000, readTimeoutMS=10000, receiveBufferSize=0, sendBufferSize=0}, connectionPoolSettings=ConnectionPoolSettings{maxSize=100, minSize=0, maxWaitTimeMS=120000, maxConnectionLifeTimeMS=0, maxConnectionIdleTimeMS=0, maintenanceInitialDelayMS=0, maintenanceFrequencyMS=60000, connectionPoolListeners=[], maxConnecting=2}, serverSettings=ServerSettings{heartbeatFrequencyMS=10000, minHeartbeatFrequencyMS=500, serverListeners='[]', serverMonitorListeners='[]'}, sslSettings=SslSettings{enabled=true, invalidHostNameAllowed=false, context=null}, applicationName='null', compressorList=[], uuidRepresentation=JAVA_LEGACY, serverApi=null, autoEncryptionSettings=null, contextProvider=null}
[2022-07-28T19:50:34.034Z] [com.mongodb.diagnostics.logging.SLF4JLogger] [cluster-ClusterId{value='62e29b3107152f562bb37e07', description='null'}-srv-test.zzsab.mongodb.net] [71] [INFO ] Adding discovered server test-shard-00-00.zzsab.mongodb.net:27017 to client view of cluster
[2022-07-28T19:50:34.034Z] [com.mongodb.diagnostics.logging.SLF4JLogger] [cluster-ClusterId{value='62e29b3107152f562bb37e07', description='null'}-srv-test.zzsab.mongodb.net] [71] [INFO ] Adding discovered server test-shard-00-02.zzsab.mongodb.net:27017 to client view of cluster
[2022-07-28T19:50:34.034Z] [com.mongodb.diagnostics.logging.SLF4JLogger] [cluster-ClusterId{value='62e29b3107152f562bb37e07', description='null'}-srv-test.zzsab.mongodb.net] [71] [INFO ] Adding discovered server test-shard-00-01.zzsab.mongodb.net:27017 to client view of cluster
[2022-07-28T19:50:34.034Z] [org.springframework.data.convert.CustomConversions] [restartedMain] [266] [WARN ] Registering converter from class java.time.LocalDateTime to class org.joda.time.LocalDateTime as reading converter although it doesn't convert from a store-supported type; You might want to check your annotation setup at the converter implementation
[2022-07-28T19:50:34.034Z] [org.springframework.boot.devtools.autoconfigure.OptionalLiveReloadServer] [restartedMain] [58] [INFO ] LiveReload server is running on port 35729
[2022-07-28T19:50:34.034Z] [org.springframework.data.convert.CustomConversions] [restartedMain] [266] [WARN ] Registering converter from class java.time.LocalDateTime to class org.joda.time.LocalDateTime as reading converter although it doesn't convert from a store-supported type; You might want to check your annotation setup at the converter implementation
[2022-07-28T19:50:34.034Z] [com.mongodb.diagnostics.logging.SLF4JLogger] [cluster-ClusterId{value='62e29b3107152f562bb37e07', description='null'}-test-shard-00-00.zzsab.mongodb.net:27017] [71] [INFO ] Opened connection [connectionId{localValue:5, serverValue:20783}] to test-shard-00-00.zzsab.mongodb.net:27017
[2022-07-28T19:50:34.034Z] [com.mongodb.diagnostics.logging.SLF4JLogger] [cluster-rtt-ClusterId{value='62e29b3107152f562bb37e07', description='null'}-test-shard-00-00.zzsab.mongodb.net:27017] [71] [INFO ] Opened connection [connectionId{localValue:3, serverValue:20785}] to test-shard-00-00.zzsab.mongodb.net:27017
[2022-07-28T19:50:34.034Z] [com.mongodb.diagnostics.logging.SLF4JLogger] [cluster-ClusterId{value='62e29b3107152f562bb37e07', description='null'}-test-shard-00-00.zzsab.mongodb.net:27017] [71] [INFO ] Monitor thread successfully connected to server with description ServerDescription{address=test-shard-00-00.zzsab.mongodb.net:27017, type=REPLICA_SET_SECONDARY, state=CONNECTED, ok=true, minWireVersion=0, maxWireVersion=13, maxDocumentSize=16777216, logicalSessionTimeoutMinutes=30, roundTripTimeNanos=239409700, setName='atlas-s8fbf7-shard-0', canonicalAddress=test-shard-00-00.zzsab.mongodb.net:27017, hosts=[test-shard-00-01.zzsab.mongodb.net:27017, test-shard-00-00.zzsab.mongodb.net:27017, test-shard-00-02.zzsab.mongodb.net:27017], passives=[], arbiters=[], primary='test-shard-00-01.zzsab.mongodb.net:27017', tagSet=TagSet{[Tag{name='nodeType', value='ELECTABLE'}, Tag{name='provider', value='AWS'}, Tag{name='region', value='AP_SOUTH_1'}, Tag{name='workloadType', value='OPERATIONAL'}]}, electionId=null, setVersion=7, topologyVersion=TopologyVersion{processId=62e19408a9beeb520035a985, counter=4}, lastWriteDate=Thu Jul 28 19:50:34 IST 2022, lastUpdateTimeNanos=281213627461500}
[2022-07-28T19:50:34.034Z] [com.mongodb.diagnostics.logging.SLF4JLogger] [cluster-ClusterId{value='62e29b3107152f562bb37e07', description='null'}-test-shard-00-02.zzsab.mongodb.net:27017] [71] [INFO ] Opened connection [connectionId{localValue:6, serverValue:20372}] to test-shard-00-02.zzsab.mongodb.net:27017
[2022-07-28T19:50:34.034Z] [com.mongodb.diagnostics.logging.SLF4JLogger] [cluster-ClusterId{value='62e29b3107152f562bb37e07', description='null'}-test-shard-00-02.zzsab.mongodb.net:27017] [71] [INFO ] Monitor thread successfully connected to server with description ServerDescription{address=test-shard-00-02.zzsab.mongodb.net:27017, type=REPLICA_SET_SECONDARY, state=CONNECTED, ok=true, minWireVersion=0, maxWireVersion=13, maxDocumentSize=16777216, logicalSessionTimeoutMinutes=30, roundTripTimeNanos=155510201, setName='atlas-s8fbf7-shard-0', canonicalAddress=test-shard-00-02.zzsab.mongodb.net:27017, hosts=[test-shard-00-01.zzsab.mongodb.net:27017, test-shard-00-00.zzsab.mongodb.net:27017, test-shard-00-02.zzsab.mongodb.net:27017], passives=[], arbiters=[], primary='test-shard-00-01.zzsab.mongodb.net:27017', tagSet=TagSet{[Tag{name='nodeType', value='ELECTABLE'}, Tag{name='provider', value='AWS'}, Tag{name='region', value='AP_SOUTH_1'}, Tag{name='workloadType', value='OPERATIONAL'}]}, electionId=null, setVersion=7, topologyVersion=TopologyVersion{processId=62e1965d6074700cc2f942a8, counter=3}, lastWriteDate=Thu Jul 28 19:50:34 IST 2022, lastUpdateTimeNanos=281213821324200}
[2022-07-28T19:50:34.034Z] [com.mongodb.diagnostics.logging.SLF4JLogger] [cluster-rtt-ClusterId{value='62e29b3107152f562bb37e07', description='null'}-test-shard-00-02.zzsab.mongodb.net:27017] [71] [INFO ] Opened connection [connectionId{localValue:4, serverValue:20372}] to test-shard-00-02.zzsab.mongodb.net:27017
[2022-07-28T19:50:34.034Z] [com.mongodb.diagnostics.logging.SLF4JLogger] [cluster-rtt-ClusterId{value='62e29b3107152f562bb37e07', description='null'}-test-shard-00-01.zzsab.mongodb.net:27017] [71] [INFO ] Opened connection [connectionId{localValue:2, serverValue:23016}] to test-shard-00-01.zzsab.mongodb.net:27017
[2022-07-28T19:50:34.034Z] [com.mongodb.diagnostics.logging.SLF4JLogger] [cluster-ClusterId{value='62e29b3107152f562bb37e07', description='null'}-test-shard-00-01.zzsab.mongodb.net:27017] [71] [INFO ] Opened connection [connectionId{localValue:1, serverValue:23016}] to test-shard-00-01.zzsab.mongodb.net:27017
[2022-07-28T19:50:34.034Z] [com.mongodb.diagnostics.logging.SLF4JLogger] [cluster-ClusterId{value='62e29b3107152f562bb37e07', description='null'}-test-shard-00-01.zzsab.mongodb.net:27017] [71] [INFO ] Monitor thread successfully connected to server with description ServerDescription{address=test-shard-00-01.zzsab.mongodb.net:27017, type=REPLICA_SET_PRIMARY, state=CONNECTED, ok=true, minWireVersion=0, maxWireVersion=13, maxDocumentSize=16777216, logicalSessionTimeoutMinutes=30, roundTripTimeNanos=170292900, setName='atlas-s8fbf7-shard-0', canonicalAddress=test-shard-00-01.zzsab.mongodb.net:27017, hosts=[test-shard-00-01.zzsab.mongodb.net:27017, test-shard-00-00.zzsab.mongodb.net:27017, test-shard-00-02.zzsab.mongodb.net:27017], passives=[], arbiters=[], primary='test-shard-00-01.zzsab.mongodb.net:27017', tagSet=TagSet{[Tag{name='nodeType', value='ELECTABLE'}, Tag{name='provider', value='AWS'}, Tag{name='region', value='AP_SOUTH_1'}, Tag{name='workloadType', value='OPERATIONAL'}]}, electionId=7fffffff00000000000000af, setVersion=7, topologyVersion=TopologyVersion{processId=62e19533df5ac5fc2505f798, counter=6}, lastWriteDate=Thu Jul 28 19:50:34 IST 2022, lastUpdateTimeNanos=281213908441599}
[2022-07-28T19:50:34.034Z] [com.mongodb.diagnostics.logging.SLF4JLogger] [cluster-ClusterId{value='62e29b3107152f562bb37e07', description='null'}-test-shard-00-01.zzsab.mongodb.net:27017] [71] [INFO ] Setting max election id to 7fffffff00000000000000af from replica set primary test-shard-00-01.zzsab.mongodb.net:27017
[2022-07-28T19:50:34.034Z] [com.mongodb.diagnostics.logging.SLF4JLogger] [cluster-ClusterId{value='62e29b3107152f562bb37e07', description='null'}-test-shard-00-01.zzsab.mongodb.net:27017] [71] [INFO ] Setting max set version to 7 from replica set primary test-shard-00-01.zzsab.mongodb.net:27017
[2022-07-28T19:50:34.034Z] [com.mongodb.diagnostics.logging.SLF4JLogger] [cluster-ClusterId{value='62e29b3107152f562bb37e07', description='null'}-test-shard-00-01.zzsab.mongodb.net:27017] [71] [INFO ] Discovered replica set primary test-shard-00-01.zzsab.mongodb.net:27017
[2022-07-28T19:50:35.035Z] [org.springframework.cloud.netflix.eureka.config.DiscoveryClientOptionalArgsConfiguration] [restartedMain] [68] [INFO ] Eureka HTTP Client uses RestTemplate.
[2022-07-28T19:50:35.035Z] [org.springframework.cloud.loadbalancer.config.LoadBalancerCacheAutoConfiguration$LoadBalancerCaffeineWarnLogger] [restartedMain] [82] [WARN ] Spring Cloud LoadBalancer is currently working with the default cache. While this cache implementation is useful for development and tests, it's recommended to use Caffeine cache in production.You can switch to using Caffeine cache, by adding it and org.springframework.cache.caffeine.CaffeineCacheManager to the classpath.
[2022-07-28T19:50:35.035Z] [org.springframework.cloud.netflix.eureka.InstanceInfoFactory] [restartedMain] [67] [INFO ] Setting initial instance status as: STARTING
[2022-07-28T19:50:35.035Z] [com.netflix.discovery.DiscoveryClient] [restartedMain] [372] [INFO ] Initializing Eureka in region us-east-1
[2022-07-28T19:50:35.035Z] [com.netflix.discovery.shared.resolver.aws.ConfigClusterResolver] [restartedMain] [43] [INFO ] Resolving eureka endpoints via configuration
[2022-07-28T19:50:35.035Z] [com.netflix.discovery.DiscoveryClient] [restartedMain] [1007] [INFO ] Disable delta property : false
[2022-07-28T19:50:35.035Z] [com.netflix.discovery.DiscoveryClient] [restartedMain] [1008] [INFO ] Single vip registry refresh property : null
[2022-07-28T19:50:35.035Z] [com.netflix.discovery.DiscoveryClient] [restartedMain] [1009] [INFO ] Force full registry fetch : false
[2022-07-28T19:50:35.035Z] [com.netflix.discovery.DiscoveryClient] [restartedMain] [1010] [INFO ] Application is null : false
[2022-07-28T19:50:35.035Z] [com.netflix.discovery.DiscoveryClient] [restartedMain] [1011] [INFO ] Registered Applications size is zero : true
[2022-07-28T19:50:35.035Z] [com.netflix.discovery.DiscoveryClient] [restartedMain] [1013] [INFO ] Application version is -1: true
[2022-07-28T19:50:35.035Z] [com.netflix.discovery.DiscoveryClient] [restartedMain] [1097] [INFO ] Getting all instance registry info from the eureka server
[2022-07-28T19:50:35.035Z] [com.netflix.discovery.DiscoveryClient] [restartedMain] [1106] [INFO ] The response status is 200
[2022-07-28T19:50:35.035Z] [com.netflix.discovery.DiscoveryClient] [restartedMain] [1321] [INFO ] Starting heartbeat executor: renew interval is: 30
[2022-07-28T19:50:35.035Z] [com.netflix.discovery.InstanceInfoReplicator] [restartedMain] [60] [INFO ] InstanceInfoReplicator onDemand update allowed rate per min is 4
[2022-07-28T19:50:35.035Z] [com.netflix.discovery.DiscoveryClient] [restartedMain] [492] [INFO ] Discovery Client initialized at timestamp 1659018035598 with initial instances count: 0
[2022-07-28T19:50:35.035Z] [org.springframework.cloud.netflix.eureka.serviceregistry.EurekaServiceRegistry] [restartedMain] [41] [INFO ] Registering application DRUGS-SERVICE with eureka with status UP
[2022-07-28T19:50:35.035Z] [com.netflix.discovery.DiscoveryClient$3] [restartedMain] [1352] [INFO ] Saw local status change event StatusChangeEvent [timestamp=1659018035600, current=UP, previous=STARTING]
[2022-07-28T19:50:35.035Z] [com.netflix.discovery.DiscoveryClient] [DiscoveryClient-InstanceInfoReplicator-0] [873] [INFO ] DiscoveryClient_DRUGS-SERVICE/inlen8520018531.corp.capgemini.com:drugs-service:8099: registering service...
[2022-07-28T19:50:35.035Z] [org.apache.juli.logging.DirectJDKLog] [restartedMain] [173] [INFO ] Starting ProtocolHandler ["http-nio-8099"]
[2022-07-28T19:50:35.035Z] [org.springframework.boot.web.embedded.tomcat.TomcatWebServer] [restartedMain] [220] [INFO ] Tomcat started on port(s): 8099 (http) with context path ''
[2022-07-28T19:50:35.035Z] [org.springframework.cloud.netflix.eureka.serviceregistry.EurekaAutoServiceRegistration] [restartedMain] [144] [INFO ] Updating port to 8099
[2022-07-28T19:50:35.035Z] [com.netflix.discovery.DiscoveryClient] [DiscoveryClient-InstanceInfoReplicator-0] [882] [INFO ] DiscoveryClient_DRUGS-SERVICE/inlen8520018531.corp.capgemini.com:drugs-service:8099 - registration status: 204
[2022-07-28T19:50:35.035Z] [org.springframework.boot.StartupInfoLogger] [restartedMain] [61] [INFO ] Started DrugsServiceApplication in 4.153 seconds (JVM running for 4.864)
[2022-07-28T19:51:05.005Z] [com.netflix.discovery.DiscoveryClient] [DiscoveryClient-CacheRefreshExecutor-0] [1007] [INFO ] Disable delta property : false
[2022-07-28T19:51:05.005Z] [com.netflix.discovery.DiscoveryClient] [DiscoveryClient-CacheRefreshExecutor-0] [1008] [INFO ] Single vip registry refresh property : null
[2022-07-28T19:51:05.005Z] [com.netflix.discovery.DiscoveryClient] [DiscoveryClient-CacheRefreshExecutor-0] [1009] [INFO ] Force full registry fetch : false
[2022-07-28T19:51:05.005Z] [com.netflix.discovery.DiscoveryClient] [DiscoveryClient-CacheRefreshExecutor-0] [1010] [INFO ] Application is null : false
[2022-07-28T19:51:05.005Z] [com.netflix.discovery.DiscoveryClient] [DiscoveryClient-CacheRefreshExecutor-0] [1011] [INFO ] Registered Applications size is zero : true
[2022-07-28T19:51:05.005Z] [com.netflix.discovery.DiscoveryClient] [DiscoveryClient-CacheRefreshExecutor-0] [1013] [INFO ] Application version is -1: false
[2022-07-28T19:51:05.005Z] [com.netflix.discovery.DiscoveryClient] [DiscoveryClient-CacheRefreshExecutor-0] [1097] [INFO ] Getting all instance registry info from the eureka server
[2022-07-28T19:51:05.005Z] [com.netflix.discovery.DiscoveryClient] [DiscoveryClient-CacheRefreshExecutor-0] [1106] [INFO ] The response status is 200
[2022-07-28T19:53:14.014Z] [org.springframework.boot.admin.SpringApplicationAdminMXBeanRegistrar$SpringApplicationAdmin] [RMI TCP Connection(6)-127.0.0.1] [159] [INFO ] Application shutdown requested.
[2022-07-28T19:53:14.014Z] [org.springframework.cloud.netflix.eureka.serviceregistry.EurekaServiceRegistry] [RMI TCP Connection(6)-127.0.0.1] [62] [INFO ] Unregistering application DRUGS-SERVICE with eureka with status DOWN
[2022-07-28T19:53:14.014Z] [com.netflix.discovery.DiscoveryClient$3] [RMI TCP Connection(6)-127.0.0.1] [1352] [INFO ] Saw local status change event StatusChangeEvent [timestamp=1659018194143, current=DOWN, previous=UP]
[2022-07-28T19:53:14.014Z] [com.netflix.discovery.DiscoveryClient] [DiscoveryClient-InstanceInfoReplicator-0] [873] [INFO ] DiscoveryClient_DRUGS-SERVICE/inlen8520018531.corp.capgemini.com:drugs-service:8099: registering service...
[2022-07-28T19:53:14.014Z] [com.netflix.discovery.DiscoveryClient] [DiscoveryClient-InstanceInfoReplicator-0] [882] [INFO ] DiscoveryClient_DRUGS-SERVICE/inlen8520018531.corp.capgemini.com:drugs-service:8099 - registration status: 204
[2022-07-28T19:53:14.014Z] [com.netflix.discovery.DiscoveryClient] [RMI TCP Connection(6)-127.0.0.1] [935] [INFO ] Shutting down DiscoveryClient ...
