[2022-07-27T15:56:59.059Z] [org.hibernate.validator.internal.util.Version] [background-preinit] [21] [INFO ] HV000001: Hibernate Validator 6.2.3.Final
[2022-07-27T15:56:59.059Z] [org.springframework.boot.StartupInfoLogger] [restartedMain] [55] [INFO ] Starting DoctorServiceApplication using Java 17.0.2 on inlen8520018531 with PID 6140 (C:\Users\MEGHGR\git\PharmacyManagementSystem\doctor-service\target\classes started by meghgr in C:\Users\MEGHGR\git\PharmacyManagementSystem\doctor-service)
[2022-07-27T15:56:59.059Z] [org.springframework.boot.SpringApplication] [restartedMain] [634] [INFO ] No active profile set, falling back to 1 default profile: "default"
[2022-07-27T15:56:59.059Z] [org.springframework.boot.logging.DeferredLog] [restartedMain] [255] [INFO ] Devtools property defaults active! Set 'spring.devtools.add-properties' to 'false' to disable
[2022-07-27T15:56:59.059Z] [org.springframework.boot.logging.DeferredLog] [restartedMain] [255] [INFO ] For additional web related logging consider setting the 'logging.level.web' property to 'DEBUG'
[2022-07-27T15:56:59.059Z] [org.springframework.data.repository.config.RepositoryConfigurationDelegate] [restartedMain] [132] [INFO ] Bootstrapping Spring Data JPA repositories in DEFAULT mode.
[2022-07-27T15:57:00.000Z] [org.springframework.data.repository.config.RepositoryConfigurationDelegate] [restartedMain] [201] [INFO ] Finished Spring Data repository scanning in 123 ms. Found 1 JPA repository interfaces.
[2022-07-27T15:57:00.000Z] [org.springframework.cloud.context.scope.GenericScope] [restartedMain] [283] [INFO ] BeanFactory id=6fa190e5-d917-3e0d-afd6-838e89d4efdc
[2022-07-27T15:57:00.000Z] [org.springframework.boot.web.embedded.tomcat.TomcatWebServer] [restartedMain] [108] [INFO ] Tomcat initialized with port(s): 8081 (http)
[2022-07-27T15:57:00.000Z] [org.apache.juli.logging.DirectJDKLog] [restartedMain] [173] [INFO ] Initializing ProtocolHandler ["http-nio-8081"]
[2022-07-27T15:57:00.000Z] [org.apache.juli.logging.DirectJDKLog] [restartedMain] [173] [INFO ] Starting service [Tomcat]
[2022-07-27T15:57:00.000Z] [org.apache.juli.logging.DirectJDKLog] [restartedMain] [173] [INFO ] Starting Servlet engine: [Apache Tomcat/9.0.65]
[2022-07-27T15:57:01.001Z] [org.apache.juli.logging.DirectJDKLog] [restartedMain] [173] [INFO ] Initializing Spring embedded WebApplicationContext
[2022-07-27T15:57:01.001Z] [org.springframework.boot.web.servlet.context.ServletWebServerApplicationContext] [restartedMain] [292] [INFO ] Root WebApplicationContext: initialization completed in 1910 ms
[2022-07-27T15:57:01.001Z] [org.hibernate.jpa.internal.util.LogHelper] [restartedMain] [31] [INFO ] HHH000204: Processing PersistenceUnitInfo [name: default]
[2022-07-27T15:57:01.001Z] [org.hibernate.Version] [restartedMain] [44] [INFO ] HHH000412: Hibernate ORM core version 5.6.10.Final
[2022-07-27T15:57:01.001Z] [org.hibernate.annotations.common.reflection.java.JavaReflectionManager] [restartedMain] [56] [INFO ] HCANN000001: Hibernate Commons Annotations {5.1.2.Final}
[2022-07-27T15:57:01.001Z] [com.zaxxer.hikari.HikariDataSource] [restartedMain] [110] [INFO ] HikariPool-1 - Starting...
[2022-07-27T15:57:01.001Z] [com.zaxxer.hikari.HikariDataSource] [restartedMain] [123] [INFO ] HikariPool-1 - Start completed.
[2022-07-27T15:57:01.001Z] [org.hibernate.dialect.Dialect] [restartedMain] [175] [INFO ] HHH000400: Using dialect: org.hibernate.dialect.PostgreSQLDialect
[2022-07-27T15:57:02.002Z] [org.hibernate.engine.transaction.jta.platform.internal.JtaPlatformInitiator] [restartedMain] [52] [INFO ] HHH000490: Using JtaPlatform implementation: [org.hibernate.engine.transaction.jta.platform.internal.NoJtaPlatform]
[2022-07-27T15:57:02.002Z] [org.springframework.orm.jpa.AbstractEntityManagerFactoryBean] [restartedMain] [437] [INFO ] Initialized JPA EntityManagerFactory for persistence unit 'default'
[2022-07-27T15:57:02.002Z] [org.springframework.boot.autoconfigure.orm.jpa.JpaBaseConfiguration$JpaWebConfiguration] [restartedMain] [219] [WARN ] spring.jpa.open-in-view is enabled by default. Therefore, database queries may be performed during view rendering. Explicitly configure spring.jpa.open-in-view to disable this warning
[2022-07-27T15:57:03.003Z] [org.springframework.boot.devtools.autoconfigure.OptionalLiveReloadServer] [restartedMain] [61] [WARN ] Unable to start LiveReload server
[2022-07-27T15:57:03.003Z] [org.springframework.cloud.netflix.eureka.config.DiscoveryClientOptionalArgsConfiguration] [restartedMain] [87] [INFO ] Eureka HTTP Client uses Jersey
[2022-07-27T15:57:03.003Z] [org.springframework.cloud.loadbalancer.config.LoadBalancerCacheAutoConfiguration$LoadBalancerCaffeineWarnLogger] [restartedMain] [82] [WARN ] Spring Cloud LoadBalancer is currently working with the default cache. While this cache implementation is useful for development and tests, it's recommended to use Caffeine cache in production.You can switch to using Caffeine cache, by adding it and org.springframework.cache.caffeine.CaffeineCacheManager to the classpath.
[2022-07-27T15:57:03.003Z] [org.springframework.boot.actuate.endpoint.web.EndpointLinksResolver] [restartedMain] [58] [INFO ] Exposing 1 endpoint(s) beneath base path '/actuator'
[2022-07-27T15:57:03.003Z] [org.springframework.cloud.netflix.eureka.InstanceInfoFactory] [restartedMain] [67] [INFO ] Setting initial instance status as: STARTING
[2022-07-27T15:57:03.003Z] [com.netflix.discovery.DiscoveryClient] [restartedMain] [372] [INFO ] Initializing Eureka in region us-east-1
[2022-07-27T15:57:04.004Z] [com.netflix.discovery.provider.DiscoveryJerseyProvider] [restartedMain] [70] [INFO ] Using JSON encoding codec LegacyJacksonJson
[2022-07-27T15:57:04.004Z] [com.netflix.discovery.provider.DiscoveryJerseyProvider] [restartedMain] [71] [INFO ] Using JSON decoding codec LegacyJacksonJson
[2022-07-27T15:57:04.004Z] [com.netflix.discovery.provider.DiscoveryJerseyProvider] [restartedMain] [80] [INFO ] Using XML encoding codec XStreamXml
[2022-07-27T15:57:04.004Z] [com.netflix.discovery.provider.DiscoveryJerseyProvider] [restartedMain] [81] [INFO ] Using XML decoding codec XStreamXml
[2022-07-27T15:57:04.004Z] [com.netflix.discovery.shared.resolver.aws.ConfigClusterResolver] [restartedMain] [43] [INFO ] Resolving eureka endpoints via configuration
[2022-07-27T15:57:04.004Z] [com.netflix.discovery.DiscoveryClient] [restartedMain] [1007] [INFO ] Disable delta property : false
[2022-07-27T15:57:04.004Z] [com.netflix.discovery.DiscoveryClient] [restartedMain] [1008] [INFO ] Single vip registry refresh property : null
[2022-07-27T15:57:04.004Z] [com.netflix.discovery.DiscoveryClient] [restartedMain] [1009] [INFO ] Force full registry fetch : false
[2022-07-27T15:57:04.004Z] [com.netflix.discovery.DiscoveryClient] [restartedMain] [1010] [INFO ] Application is null : false
[2022-07-27T15:57:04.004Z] [com.netflix.discovery.DiscoveryClient] [restartedMain] [1011] [INFO ] Registered Applications size is zero : true
[2022-07-27T15:57:04.004Z] [com.netflix.discovery.DiscoveryClient] [restartedMain] [1013] [INFO ] Application version is -1: true
[2022-07-27T15:57:04.004Z] [com.netflix.discovery.DiscoveryClient] [restartedMain] [1097] [INFO ] Getting all instance registry info from the eureka server
[2022-07-27T15:57:04.004Z] [com.netflix.discovery.DiscoveryClient] [restartedMain] [1106] [INFO ] The response status is 200
[2022-07-27T15:57:04.004Z] [com.netflix.discovery.DiscoveryClient] [restartedMain] [1321] [INFO ] Starting heartbeat executor: renew interval is: 30
[2022-07-27T15:57:04.004Z] [com.netflix.discovery.InstanceInfoReplicator] [restartedMain] [60] [INFO ] InstanceInfoReplicator onDemand update allowed rate per min is 4
[2022-07-27T15:57:04.004Z] [com.netflix.discovery.DiscoveryClient] [restartedMain] [492] [INFO ] Discovery Client initialized at timestamp 1658917624719 with initial instances count: 3
[2022-07-27T15:57:04.004Z] [org.springframework.cloud.netflix.eureka.serviceregistry.EurekaServiceRegistry] [restartedMain] [41] [INFO ] Registering application DOCTOR-SERVICE with eureka with status UP
[2022-07-27T15:57:04.004Z] [com.netflix.discovery.DiscoveryClient$3] [restartedMain] [1352] [INFO ] Saw local status change event StatusChangeEvent [timestamp=1658917624723, current=UP, previous=STARTING]
[2022-07-27T15:57:04.004Z] [com.netflix.discovery.DiscoveryClient] [DiscoveryClient-InstanceInfoReplicator-0] [873] [INFO ] DiscoveryClient_DOCTOR-SERVICE/inlen8520018531.corp.capgemini.com:doctor-service:8081: registering service...
[2022-07-27T15:57:04.004Z] [org.apache.juli.logging.DirectJDKLog] [restartedMain] [173] [INFO ] Starting ProtocolHandler ["http-nio-8081"]
[2022-07-27T15:57:04.004Z] [com.netflix.discovery.DiscoveryClient] [DiscoveryClient-InstanceInfoReplicator-0] [882] [INFO ] DiscoveryClient_DOCTOR-SERVICE/inlen8520018531.corp.capgemini.com:doctor-service:8081 - registration status: 204
[2022-07-27T15:57:04.004Z] [org.springframework.boot.web.embedded.tomcat.TomcatWebServer] [restartedMain] [220] [INFO ] Tomcat started on port(s): 8081 (http) with context path ''
[2022-07-27T15:57:04.004Z] [org.springframework.cloud.netflix.eureka.serviceregistry.EurekaAutoServiceRegistration] [restartedMain] [144] [INFO ] Updating port to 8081
[2022-07-27T15:57:04.004Z] [org.springframework.boot.StartupInfoLogger] [restartedMain] [61] [INFO ] Started DoctorServiceApplication in 6.355 seconds (JVM running for 7.359)
[2022-07-27T15:57:05.005Z] [org.apache.juli.logging.DirectJDKLog] [RMI TCP Connection(3)-127.0.0.1] [173] [INFO ] Initializing Spring DispatcherServlet 'dispatcherServlet'
[2022-07-27T15:57:05.005Z] [org.springframework.web.servlet.FrameworkServlet] [RMI TCP Connection(3)-127.0.0.1] [525] [INFO ] Initializing Servlet 'dispatcherServlet'
[2022-07-27T15:57:05.005Z] [org.springframework.web.servlet.FrameworkServlet] [RMI TCP Connection(3)-127.0.0.1] [547] [INFO ] Completed initialization in 1 ms
[2022-07-27T15:57:45.045Z] [org.apache.juli.logging.DirectJDKLog] [http-nio-8081-exec-1] [175] [ERROR] Servlet.service() for servlet [dispatcherServlet] in context with path [] threw exception [Request processing failed; nested exception is com.doctorservice.exception.UserAlreadyExistException: User with given Email already exist] with root cause
com.doctorservice.exception.UserAlreadyExistException: User with given Email already exist
	at com.doctorservice.serviceimpl.DoctorServiceImpl.doctorRegistration(DoctorServiceImpl.java:34)
	at com.doctorservice.controller.DoctorController.registerDoctor(DoctorController.java:32)
	at java.base/jdk.internal.reflect.NativeMethodAccessorImpl.invoke0(Native Method)
	at java.base/jdk.internal.reflect.NativeMethodAccessorImpl.invoke(NativeMethodAccessorImpl.java:77)
	at java.base/jdk.internal.reflect.DelegatingMethodAccessorImpl.invoke(DelegatingMethodAccessorImpl.java:43)
	at java.base/java.lang.reflect.Method.invoke(Method.java:568)
	at org.springframework.web.method.support.InvocableHandlerMethod.doInvoke(InvocableHandlerMethod.java:205)
	at org.springframework.web.method.support.InvocableHandlerMethod.invokeForRequest(InvocableHandlerMethod.java:150)
	at org.springframework.web.servlet.mvc.method.annotation.ServletInvocableHandlerMethod.invokeAndHandle(ServletInvocableHandlerMethod.java:117)
	at org.springframework.web.servlet.mvc.method.annotation.RequestMappingHandlerAdapter.invokeHandlerMethod(RequestMappingHandlerAdapter.java:895)
	at org.springframework.web.servlet.mvc.method.annotation.RequestMappingHandlerAdapter.handleInternal(RequestMappingHandlerAdapter.java:808)
	at org.springframework.web.servlet.mvc.method.AbstractHandlerMethodAdapter.handle(AbstractHandlerMethodAdapter.java:87)
	at org.springframework.web.servlet.DispatcherServlet.doDispatch(DispatcherServlet.java:1070)
	at org.springframework.web.servlet.DispatcherServlet.doService(DispatcherServlet.java:963)
	at org.springframework.web.servlet.FrameworkServlet.processRequest(FrameworkServlet.java:1006)
	at org.springframework.web.servlet.FrameworkServlet.doPost(FrameworkServlet.java:909)
	at javax.servlet.http.HttpServlet.service(HttpServlet.java:681)
	at org.springframework.web.servlet.FrameworkServlet.service(FrameworkServlet.java:883)
	at javax.servlet.http.HttpServlet.service(HttpServlet.java:764)
	at org.apache.catalina.core.ApplicationFilterChain.internalDoFilter(ApplicationFilterChain.java:227)
	at org.apache.catalina.core.ApplicationFilterChain.doFilter(ApplicationFilterChain.java:162)
	at org.apache.tomcat.websocket.server.WsFilter.doFilter(WsFilter.java:53)
	at org.apache.catalina.core.ApplicationFilterChain.internalDoFilter(ApplicationFilterChain.java:189)
	at org.apache.catalina.core.ApplicationFilterChain.doFilter(ApplicationFilterChain.java:162)
	at org.springframework.web.filter.RequestContextFilter.doFilterInternal(RequestContextFilter.java:100)
	at org.springframework.web.filter.OncePerRequestFilter.doFilter(OncePerRequestFilter.java:117)
	at org.apache.catalina.core.ApplicationFilterChain.internalDoFilter(ApplicationFilterChain.java:189)
	at org.apache.catalina.core.ApplicationFilterChain.doFilter(ApplicationFilterChain.java:162)
	at org.springframework.web.filter.FormContentFilter.doFilterInternal(FormContentFilter.java:93)
	at org.springframework.web.filter.OncePerRequestFilter.doFilter(OncePerRequestFilter.java:117)
	at org.apache.catalina.core.ApplicationFilterChain.internalDoFilter(ApplicationFilterChain.java:189)
	at org.apache.catalina.core.ApplicationFilterChain.doFilter(ApplicationFilterChain.java:162)
	at org.springframework.boot.actuate.metrics.web.servlet.WebMvcMetricsFilter.doFilterInternal(WebMvcMetricsFilter.java:96)
	at org.springframework.web.filter.OncePerRequestFilter.doFilter(OncePerRequestFilter.java:117)
	at org.apache.catalina.core.ApplicationFilterChain.internalDoFilter(ApplicationFilterChain.java:189)
	at org.apache.catalina.core.ApplicationFilterChain.doFilter(ApplicationFilterChain.java:162)
	at org.springframework.web.filter.CharacterEncodingFilter.doFilterInternal(CharacterEncodingFilter.java:201)
	at org.springframework.web.filter.OncePerRequestFilter.doFilter(OncePerRequestFilter.java:117)
	at org.apache.catalina.core.ApplicationFilterChain.internalDoFilter(ApplicationFilterChain.java:189)
	at org.apache.catalina.core.ApplicationFilterChain.doFilter(ApplicationFilterChain.java:162)
	at org.apache.catalina.core.StandardWrapperValve.invoke(StandardWrapperValve.java:197)
	at org.apache.catalina.core.StandardContextValve.invoke(StandardContextValve.java:97)
	at org.apache.catalina.authenticator.AuthenticatorBase.invoke(AuthenticatorBase.java:541)
	at org.apache.catalina.core.StandardHostValve.invoke(StandardHostValve.java:135)
	at org.apache.catalina.valves.ErrorReportValve.invoke(ErrorReportValve.java:92)
	at org.apache.catalina.core.StandardEngineValve.invoke(StandardEngineValve.java:78)
	at org.apache.catalina.connector.CoyoteAdapter.service(CoyoteAdapter.java:360)
	at org.apache.coyote.http11.Http11Processor.service(Http11Processor.java:399)
	at org.apache.coyote.AbstractProcessorLight.process(AbstractProcessorLight.java:65)
	at org.apache.coyote.AbstractProtocol$ConnectionHandler.process(AbstractProtocol.java:890)
	at org.apache.tomcat.util.net.NioEndpoint$SocketProcessor.doRun(NioEndpoint.java:1789)
	at org.apache.tomcat.util.net.SocketProcessorBase.run(SocketProcessorBase.java:49)
	at org.apache.tomcat.util.threads.ThreadPoolExecutor.runWorker(ThreadPoolExecutor.java:1191)
	at org.apache.tomcat.util.threads.ThreadPoolExecutor$Worker.run(ThreadPoolExecutor.java:659)
	at org.apache.tomcat.util.threads.TaskThread$WrappingRunnable.run(TaskThread.java:61)
	at java.base/java.lang.Thread.run(Thread.java:833)
[2022-07-27T15:58:26.026Z] [org.apache.juli.logging.DirectJDKLog] [http-nio-8081-exec-5] [175] [ERROR] Servlet.service() for servlet [dispatcherServlet] in context with path [] threw exception [Request processing failed; nested exception is com.doctorservice.exception.UserAlreadyExistException: User with given Email already exist] with root cause
com.doctorservice.exception.UserAlreadyExistException: User with given Email already exist
	at com.doctorservice.serviceimpl.DoctorServiceImpl.doctorRegistration(DoctorServiceImpl.java:34)
	at com.doctorservice.controller.DoctorController.registerDoctor(DoctorController.java:32)
	at java.base/jdk.internal.reflect.NativeMethodAccessorImpl.invoke0(Native Method)
	at java.base/jdk.internal.reflect.NativeMethodAccessorImpl.invoke(NativeMethodAccessorImpl.java:77)
	at java.base/jdk.internal.reflect.DelegatingMethodAccessorImpl.invoke(DelegatingMethodAccessorImpl.java:43)
	at java.base/java.lang.reflect.Method.invoke(Method.java:568)
	at org.springframework.web.method.support.InvocableHandlerMethod.doInvoke(InvocableHandlerMethod.java:205)
	at org.springframework.web.method.support.InvocableHandlerMethod.invokeForRequest(InvocableHandlerMethod.java:150)
	at org.springframework.web.servlet.mvc.method.annotation.ServletInvocableHandlerMethod.invokeAndHandle(ServletInvocableHandlerMethod.java:117)
	at org.springframework.web.servlet.mvc.method.annotation.RequestMappingHandlerAdapter.invokeHandlerMethod(RequestMappingHandlerAdapter.java:895)
	at org.springframework.web.servlet.mvc.method.annotation.RequestMappingHandlerAdapter.handleInternal(RequestMappingHandlerAdapter.java:808)
	at org.springframework.web.servlet.mvc.method.AbstractHandlerMethodAdapter.handle(AbstractHandlerMethodAdapter.java:87)
	at org.springframework.web.servlet.DispatcherServlet.doDispatch(DispatcherServlet.java:1070)
	at org.springframework.web.servlet.DispatcherServlet.doService(DispatcherServlet.java:963)
	at org.springframework.web.servlet.FrameworkServlet.processRequest(FrameworkServlet.java:1006)
	at org.springframework.web.servlet.FrameworkServlet.doPost(FrameworkServlet.java:909)
	at javax.servlet.http.HttpServlet.service(HttpServlet.java:681)
	at org.springframework.web.servlet.FrameworkServlet.service(FrameworkServlet.java:883)
	at javax.servlet.http.HttpServlet.service(HttpServlet.java:764)
	at org.apache.catalina.core.ApplicationFilterChain.internalDoFilter(ApplicationFilterChain.java:227)
	at org.apache.catalina.core.ApplicationFilterChain.doFilter(ApplicationFilterChain.java:162)
	at org.apache.tomcat.websocket.server.WsFilter.doFilter(WsFilter.java:53)
	at org.apache.catalina.core.ApplicationFilterChain.internalDoFilter(ApplicationFilterChain.java:189)
	at org.apache.catalina.core.ApplicationFilterChain.doFilter(ApplicationFilterChain.java:162)
	at org.springframework.web.filter.RequestContextFilter.doFilterInternal(RequestContextFilter.java:100)
	at org.springframework.web.filter.OncePerRequestFilter.doFilter(OncePerRequestFilter.java:117)
	at org.apache.catalina.core.ApplicationFilterChain.internalDoFilter(ApplicationFilterChain.java:189)
	at org.apache.catalina.core.ApplicationFilterChain.doFilter(ApplicationFilterChain.java:162)
	at org.springframework.web.filter.FormContentFilter.doFilterInternal(FormContentFilter.java:93)
	at org.springframework.web.filter.OncePerRequestFilter.doFilter(OncePerRequestFilter.java:117)
	at org.apache.catalina.core.ApplicationFilterChain.internalDoFilter(ApplicationFilterChain.java:189)
	at org.apache.catalina.core.ApplicationFilterChain.doFilter(ApplicationFilterChain.java:162)
	at org.springframework.boot.actuate.metrics.web.servlet.WebMvcMetricsFilter.doFilterInternal(WebMvcMetricsFilter.java:96)
	at org.springframework.web.filter.OncePerRequestFilter.doFilter(OncePerRequestFilter.java:117)
	at org.apache.catalina.core.ApplicationFilterChain.internalDoFilter(ApplicationFilterChain.java:189)
	at org.apache.catalina.core.ApplicationFilterChain.doFilter(ApplicationFilterChain.java:162)
	at org.springframework.web.filter.CharacterEncodingFilter.doFilterInternal(CharacterEncodingFilter.java:201)
	at org.springframework.web.filter.OncePerRequestFilter.doFilter(OncePerRequestFilter.java:117)
	at org.apache.catalina.core.ApplicationFilterChain.internalDoFilter(ApplicationFilterChain.java:189)
	at org.apache.catalina.core.ApplicationFilterChain.doFilter(ApplicationFilterChain.java:162)
	at org.apache.catalina.core.StandardWrapperValve.invoke(StandardWrapperValve.java:197)
	at org.apache.catalina.core.StandardContextValve.invoke(StandardContextValve.java:97)
	at org.apache.catalina.authenticator.AuthenticatorBase.invoke(AuthenticatorBase.java:541)
	at org.apache.catalina.core.StandardHostValve.invoke(StandardHostValve.java:135)
	at org.apache.catalina.valves.ErrorReportValve.invoke(ErrorReportValve.java:92)
	at org.apache.catalina.core.StandardEngineValve.invoke(StandardEngineValve.java:78)
	at org.apache.catalina.connector.CoyoteAdapter.service(CoyoteAdapter.java:360)
	at org.apache.coyote.http11.Http11Processor.service(Http11Processor.java:399)
	at org.apache.coyote.AbstractProcessorLight.process(AbstractProcessorLight.java:65)
	at org.apache.coyote.AbstractProtocol$ConnectionHandler.process(AbstractProtocol.java:890)
	at org.apache.tomcat.util.net.NioEndpoint$SocketProcessor.doRun(NioEndpoint.java:1789)
	at org.apache.tomcat.util.net.SocketProcessorBase.run(SocketProcessorBase.java:49)
	at org.apache.tomcat.util.threads.ThreadPoolExecutor.runWorker(ThreadPoolExecutor.java:1191)
	at org.apache.tomcat.util.threads.ThreadPoolExecutor$Worker.run(ThreadPoolExecutor.java:659)
	at org.apache.tomcat.util.threads.TaskThread$WrappingRunnable.run(TaskThread.java:61)
	at java.base/java.lang.Thread.run(Thread.java:833)
[2022-07-27T16:00:58.058Z] [org.springframework.cloud.netflix.eureka.serviceregistry.EurekaServiceRegistry] [Thread-1] [62] [INFO ] Unregistering application DOCTOR-SERVICE with eureka with status DOWN
[2022-07-27T16:00:58.058Z] [com.netflix.discovery.DiscoveryClient$3] [Thread-1] [1352] [INFO ] Saw local status change event StatusChangeEvent [timestamp=1658917858585, current=DOWN, previous=UP]
[2022-07-27T16:00:58.058Z] [com.netflix.discovery.DiscoveryClient] [DiscoveryClient-InstanceInfoReplicator-0] [873] [INFO ] DiscoveryClient_DOCTOR-SERVICE/inlen8520018531.corp.capgemini.com:doctor-service:8081: registering service...
[2022-07-27T16:00:58.058Z] [com.netflix.discovery.DiscoveryClient] [DiscoveryClient-InstanceInfoReplicator-0] [882] [INFO ] DiscoveryClient_DOCTOR-SERVICE/inlen8520018531.corp.capgemini.com:doctor-service:8081 - registration status: 204
[2022-07-27T16:00:58.058Z] [org.springframework.orm.jpa.AbstractEntityManagerFactoryBean] [Thread-1] [651] [INFO ] Closing JPA EntityManagerFactory for persistence unit 'default'
[2022-07-27T16:00:58.058Z] [com.zaxxer.hikari.HikariDataSource] [Thread-1] [350] [INFO ] HikariPool-1 - Shutdown initiated...
[2022-07-27T16:00:58.058Z] [com.zaxxer.hikari.HikariDataSource] [Thread-1] [352] [INFO ] HikariPool-1 - Shutdown completed.
[2022-07-27T16:00:58.058Z] [com.netflix.discovery.DiscoveryClient] [Thread-1] [935] [INFO ] Shutting down DiscoveryClient ...
[2022-07-27T16:01:01.001Z] [com.netflix.discovery.DiscoveryClient] [Thread-1] [971] [INFO ] Unregistering ...
[2022-07-27T16:01:01.001Z] [com.netflix.discovery.DiscoveryClient] [Thread-1] [973] [INFO ] DiscoveryClient_DOCTOR-SERVICE/inlen8520018531.corp.capgemini.com:doctor-service:8081 - deregister  status: 200
[2022-07-27T16:01:01.001Z] [com.netflix.discovery.DiscoveryClient] [Thread-1] [960] [INFO ] Completed shut down of DiscoveryClient
[2022-07-27T16:01:02.002Z] [org.springframework.boot.StartupInfoLogger] [restartedMain] [55] [INFO ] Starting DoctorServiceApplication using Java 17.0.2 on inlen8520018531 with PID 6140 (C:\Users\MEGHGR\git\PharmacyManagementSystem\doctor-service\target\classes started by meghgr in C:\Users\MEGHGR\git\PharmacyManagementSystem\doctor-service)
[2022-07-27T16:01:02.002Z] [org.springframework.boot.SpringApplication] [restartedMain] [634] [INFO ] No active profile set, falling back to 1 default profile: "default"
[2022-07-27T16:01:02.002Z] [org.springframework.data.repository.config.RepositoryConfigurationDelegate] [restartedMain] [132] [INFO ] Bootstrapping Spring Data JPA repositories in DEFAULT mode.
[2022-07-27T16:01:02.002Z] [org.springframework.data.repository.config.RepositoryConfigurationDelegate] [restartedMain] [201] [INFO ] Finished Spring Data repository scanning in 15 ms. Found 1 JPA repository interfaces.
[2022-07-27T16:01:02.002Z] [org.springframework.cloud.context.scope.GenericScope] [restartedMain] [283] [INFO ] BeanFactory id=6fa190e5-d917-3e0d-afd6-838e89d4efdc
[2022-07-27T16:01:02.002Z] [org.springframework.boot.web.embedded.tomcat.TomcatWebServer] [restartedMain] [108] [INFO ] Tomcat initialized with port(s): 8081 (http)
[2022-07-27T16:01:02.002Z] [org.apache.juli.logging.DirectJDKLog] [restartedMain] [173] [INFO ] Initializing ProtocolHandler ["http-nio-8081"]
[2022-07-27T16:01:02.002Z] [org.apache.juli.logging.DirectJDKLog] [restartedMain] [173] [INFO ] Starting service [Tomcat]
[2022-07-27T16:01:02.002Z] [org.apache.juli.logging.DirectJDKLog] [restartedMain] [173] [INFO ] Starting Servlet engine: [Apache Tomcat/9.0.65]
[2022-07-27T16:01:02.002Z] [org.apache.juli.logging.DirectJDKLog] [restartedMain] [173] [INFO ] Initializing Spring embedded WebApplicationContext
[2022-07-27T16:01:02.002Z] [org.springframework.boot.web.servlet.context.ServletWebServerApplicationContext] [restartedMain] [292] [INFO ] Root WebApplicationContext: initialization completed in 600 ms
[2022-07-27T16:01:02.002Z] [org.hibernate.jpa.internal.util.LogHelper] [restartedMain] [31] [INFO ] HHH000204: Processing PersistenceUnitInfo [name: default]
[2022-07-27T16:01:02.002Z] [com.zaxxer.hikari.HikariDataSource] [restartedMain] [110] [INFO ] HikariPool-2 - Starting...
[2022-07-27T16:01:02.002Z] [com.zaxxer.hikari.HikariDataSource] [restartedMain] [123] [INFO ] HikariPool-2 - Start completed.
[2022-07-27T16:01:02.002Z] [org.hibernate.dialect.Dialect] [restartedMain] [175] [INFO ] HHH000400: Using dialect: org.hibernate.dialect.PostgreSQLDialect
[2022-07-27T16:01:02.002Z] [org.hibernate.engine.transaction.jta.platform.internal.JtaPlatformInitiator] [restartedMain] [52] [INFO ] HHH000490: Using JtaPlatform implementation: [org.hibernate.engine.transaction.jta.platform.internal.NoJtaPlatform]
[2022-07-27T16:01:03.003Z] [org.springframework.orm.jpa.AbstractEntityManagerFactoryBean] [restartedMain] [437] [INFO ] Initialized JPA EntityManagerFactory for persistence unit 'default'
[2022-07-27T16:01:03.003Z] [org.springframework.boot.autoconfigure.orm.jpa.JpaBaseConfiguration$JpaWebConfiguration] [restartedMain] [219] [WARN ] spring.jpa.open-in-view is enabled by default. Therefore, database queries may be performed during view rendering. Explicitly configure spring.jpa.open-in-view to disable this warning
[2022-07-27T16:01:03.003Z] [org.springframework.boot.devtools.autoconfigure.OptionalLiveReloadServer] [restartedMain] [61] [WARN ] Unable to start LiveReload server
[2022-07-27T16:01:03.003Z] [org.springframework.cloud.netflix.eureka.config.DiscoveryClientOptionalArgsConfiguration] [restartedMain] [87] [INFO ] Eureka HTTP Client uses Jersey
[2022-07-27T16:01:03.003Z] [org.springframework.cloud.loadbalancer.config.LoadBalancerCacheAutoConfiguration$LoadBalancerCaffeineWarnLogger] [restartedMain] [82] [WARN ] Spring Cloud LoadBalancer is currently working with the default cache. While this cache implementation is useful for development and tests, it's recommended to use Caffeine cache in production.You can switch to using Caffeine cache, by adding it and org.springframework.cache.caffeine.CaffeineCacheManager to the classpath.
[2022-07-27T16:01:03.003Z] [org.springframework.boot.actuate.endpoint.web.EndpointLinksResolver] [restartedMain] [58] [INFO ] Exposing 1 endpoint(s) beneath base path '/actuator'
[2022-07-27T16:01:03.003Z] [org.springframework.cloud.netflix.eureka.InstanceInfoFactory] [restartedMain] [67] [INFO ] Setting initial instance status as: STARTING
[2022-07-27T16:01:03.003Z] [com.netflix.discovery.DiscoveryClient] [restartedMain] [372] [INFO ] Initializing Eureka in region us-east-1
[2022-07-27T16:01:03.003Z] [com.netflix.discovery.provider.DiscoveryJerseyProvider] [restartedMain] [70] [INFO ] Using JSON encoding codec LegacyJacksonJson
[2022-07-27T16:01:03.003Z] [com.netflix.discovery.provider.DiscoveryJerseyProvider] [restartedMain] [71] [INFO ] Using JSON decoding codec LegacyJacksonJson
[2022-07-27T16:01:03.003Z] [com.netflix.discovery.provider.DiscoveryJerseyProvider] [restartedMain] [80] [INFO ] Using XML encoding codec XStreamXml
[2022-07-27T16:01:03.003Z] [com.netflix.discovery.provider.DiscoveryJerseyProvider] [restartedMain] [81] [INFO ] Using XML decoding codec XStreamXml
[2022-07-27T16:01:03.003Z] [com.netflix.discovery.shared.resolver.aws.ConfigClusterResolver] [restartedMain] [43] [INFO ] Resolving eureka endpoints via configuration
[2022-07-27T16:01:03.003Z] [com.netflix.discovery.DiscoveryClient] [restartedMain] [1007] [INFO ] Disable delta property : false
[2022-07-27T16:01:03.003Z] [com.netflix.discovery.DiscoveryClient] [restartedMain] [1008] [INFO ] Single vip registry refresh property : null
[2022-07-27T16:01:03.003Z] [com.netflix.discovery.DiscoveryClient] [restartedMain] [1009] [INFO ] Force full registry fetch : false
[2022-07-27T16:01:03.003Z] [com.netflix.discovery.DiscoveryClient] [restartedMain] [1010] [INFO ] Application is null : false
[2022-07-27T16:01:03.003Z] [com.netflix.discovery.DiscoveryClient] [restartedMain] [1011] [INFO ] Registered Applications size is zero : true
[2022-07-27T16:01:03.003Z] [com.netflix.discovery.DiscoveryClient] [restartedMain] [1013] [INFO ] Application version is -1: true
[2022-07-27T16:01:03.003Z] [com.netflix.discovery.DiscoveryClient] [restartedMain] [1097] [INFO ] Getting all instance registry info from the eureka server
[2022-07-27T16:01:03.003Z] [com.netflix.discovery.DiscoveryClient] [restartedMain] [1106] [INFO ] The response status is 200
[2022-07-27T16:01:03.003Z] [com.netflix.discovery.DiscoveryClient] [restartedMain] [1321] [INFO ] Starting heartbeat executor: renew interval is: 30
[2022-07-27T16:01:03.003Z] [com.netflix.discovery.InstanceInfoReplicator] [restartedMain] [60] [INFO ] InstanceInfoReplicator onDemand update allowed rate per min is 4
[2022-07-27T16:01:03.003Z] [com.netflix.discovery.DiscoveryClient] [restartedMain] [492] [INFO ] Discovery Client initialized at timestamp 1658917863900 with initial instances count: 4
[2022-07-27T16:01:03.003Z] [org.springframework.cloud.netflix.eureka.serviceregistry.EurekaServiceRegistry] [restartedMain] [41] [INFO ] Registering application DOCTOR-SERVICE with eureka with status UP
[2022-07-27T16:01:03.003Z] [com.netflix.discovery.DiscoveryClient$3] [restartedMain] [1352] [INFO ] Saw local status change event StatusChangeEvent [timestamp=1658917863902, current=UP, previous=STARTING]
[2022-07-27T16:01:03.003Z] [com.netflix.discovery.DiscoveryClient] [DiscoveryClient-InstanceInfoReplicator-0] [873] [INFO ] DiscoveryClient_DOCTOR-SERVICE/inlen8520018531.corp.capgemini.com:doctor-service:8081: registering service...
[2022-07-27T16:01:03.003Z] [org.apache.juli.logging.DirectJDKLog] [restartedMain] [173] [INFO ] Starting ProtocolHandler ["http-nio-8081"]
[2022-07-27T16:01:03.003Z] [org.springframework.boot.web.embedded.tomcat.TomcatWebServer] [restartedMain] [220] [INFO ] Tomcat started on port(s): 8081 (http) with context path ''
[2022-07-27T16:01:03.003Z] [com.netflix.discovery.DiscoveryClient] [DiscoveryClient-InstanceInfoReplicator-0] [882] [INFO ] DiscoveryClient_DOCTOR-SERVICE/inlen8520018531.corp.capgemini.com:doctor-service:8081 - registration status: 204
[2022-07-27T16:01:03.003Z] [org.springframework.cloud.netflix.eureka.serviceregistry.EurekaAutoServiceRegistration] [restartedMain] [144] [INFO ] Updating port to 8081
[2022-07-27T16:01:04.004Z] [org.springframework.boot.StartupInfoLogger] [restartedMain] [61] [INFO ] Started DoctorServiceApplication in 2.12 seconds (JVM running for 246.5)
[2022-07-27T16:01:04.004Z] [org.springframework.boot.devtools.autoconfigure.ConditionEvaluationDeltaLoggingListener] [restartedMain] [63] [INFO ] Condition evaluation unchanged
[2022-07-27T16:01:30.030Z] [org.apache.juli.logging.DirectJDKLog] [http-nio-8081-exec-1] [173] [INFO ] Initializing Spring DispatcherServlet 'dispatcherServlet'
[2022-07-27T16:01:30.030Z] [org.springframework.web.servlet.FrameworkServlet] [http-nio-8081-exec-1] [525] [INFO ] Initializing Servlet 'dispatcherServlet'
[2022-07-27T16:01:30.030Z] [org.springframework.web.servlet.FrameworkServlet] [http-nio-8081-exec-1] [547] [INFO ] Completed initialization in 2 ms
[2022-07-27T16:02:00.000Z] [org.springframework.web.servlet.mvc.method.annotation.ResponseEntityExceptionHandler] [http-nio-8081-exec-3] [209] [WARN ] Request method 'GET' not supported
[2022-07-27T16:02:00.000Z] [org.springframework.web.servlet.handler.AbstractHandlerExceptionResolver] [http-nio-8081-exec-3] [208] [WARN ] Resolved [org.springframework.web.HttpRequestMethodNotSupportedException: Request method 'GET' not supported]
[2022-07-27T16:02:36.036Z] [org.springframework.web.servlet.mvc.method.annotation.ResponseEntityExceptionHandler] [http-nio-8081-exec-4] [209] [WARN ] Request method 'GET' not supported
[2022-07-27T16:02:36.036Z] [org.springframework.web.servlet.handler.AbstractHandlerExceptionResolver] [http-nio-8081-exec-4] [208] [WARN ] Resolved [org.springframework.web.HttpRequestMethodNotSupportedException: Request method 'GET' not supported]
[2022-07-27T16:06:03.003Z] [com.netflix.discovery.shared.resolver.aws.ConfigClusterResolver] [AsyncResolver-bootstrap-executor-0] [43] [INFO ] Resolving eureka endpoints via configuration
[2022-07-27T16:11:03.003Z] [com.netflix.discovery.shared.resolver.aws.ConfigClusterResolver] [AsyncResolver-bootstrap-executor-0] [43] [INFO ] Resolving eureka endpoints via configuration
[2022-07-27T16:16:03.003Z] [com.netflix.discovery.shared.resolver.aws.ConfigClusterResolver] [AsyncResolver-bootstrap-executor-0] [43] [INFO ] Resolving eureka endpoints via configuration
[2022-07-27T16:21:03.003Z] [com.netflix.discovery.shared.resolver.aws.ConfigClusterResolver] [AsyncResolver-bootstrap-executor-0] [43] [INFO ] Resolving eureka endpoints via configuration
[2022-07-27T16:26:03.003Z] [com.netflix.discovery.shared.resolver.aws.ConfigClusterResolver] [AsyncResolver-bootstrap-executor-0] [43] [INFO ] Resolving eureka endpoints via configuration
[2022-07-27T16:31:03.003Z] [com.netflix.discovery.shared.resolver.aws.ConfigClusterResolver] [AsyncResolver-bootstrap-executor-0] [43] [INFO ] Resolving eureka endpoints via configuration
[2022-07-27T16:36:03.003Z] [com.netflix.discovery.shared.resolver.aws.ConfigClusterResolver] [AsyncResolver-bootstrap-executor-0] [43] [INFO ] Resolving eureka endpoints via configuration
[2022-07-27T16:41:03.003Z] [com.netflix.discovery.shared.resolver.aws.ConfigClusterResolver] [AsyncResolver-bootstrap-executor-0] [43] [INFO ] Resolving eureka endpoints via configuration
[2022-07-27T16:46:03.003Z] [com.netflix.discovery.shared.resolver.aws.ConfigClusterResolver] [AsyncResolver-bootstrap-executor-0] [43] [INFO ] Resolving eureka endpoints via configuration
[2022-07-27T16:51:03.003Z] [com.netflix.discovery.shared.resolver.aws.ConfigClusterResolver] [AsyncResolver-bootstrap-executor-0] [43] [INFO ] Resolving eureka endpoints via configuration
[2022-07-27T16:56:03.003Z] [com.netflix.discovery.shared.resolver.aws.ConfigClusterResolver] [AsyncResolver-bootstrap-executor-0] [43] [INFO ] Resolving eureka endpoints via configuration
[2022-07-27T17:01:04.004Z] [com.netflix.discovery.shared.resolver.aws.ConfigClusterResolver] [AsyncResolver-bootstrap-executor-0] [43] [INFO ] Resolving eureka endpoints via configuration
[2022-07-27T17:06:04.004Z] [com.netflix.discovery.shared.resolver.aws.ConfigClusterResolver] [AsyncResolver-bootstrap-executor-0] [43] [INFO ] Resolving eureka endpoints via configuration
[2022-07-27T17:11:04.004Z] [com.netflix.discovery.shared.resolver.aws.ConfigClusterResolver] [AsyncResolver-bootstrap-executor-0] [43] [INFO ] Resolving eureka endpoints via configuration
[2022-07-27T17:16:04.004Z] [com.netflix.discovery.shared.resolver.aws.ConfigClusterResolver] [AsyncResolver-bootstrap-executor-0] [43] [INFO ] Resolving eureka endpoints via configuration
[2022-07-27T17:21:04.004Z] [com.netflix.discovery.shared.resolver.aws.ConfigClusterResolver] [AsyncResolver-bootstrap-executor-0] [43] [INFO ] Resolving eureka endpoints via configuration
[2022-07-27T17:26:04.004Z] [com.netflix.discovery.shared.resolver.aws.ConfigClusterResolver] [AsyncResolver-bootstrap-executor-0] [43] [INFO ] Resolving eureka endpoints via configuration
[2022-07-27T17:31:04.004Z] [com.netflix.discovery.shared.resolver.aws.ConfigClusterResolver] [AsyncResolver-bootstrap-executor-0] [43] [INFO ] Resolving eureka endpoints via configuration
[2022-07-27T17:36:04.004Z] [com.netflix.discovery.shared.resolver.aws.ConfigClusterResolver] [AsyncResolver-bootstrap-executor-0] [43] [INFO ] Resolving eureka endpoints via configuration
[2022-07-27T17:41:04.004Z] [com.netflix.discovery.shared.resolver.aws.ConfigClusterResolver] [AsyncResolver-bootstrap-executor-0] [43] [INFO ] Resolving eureka endpoints via configuration
[2022-07-27T17:46:04.004Z] [com.netflix.discovery.shared.resolver.aws.ConfigClusterResolver] [AsyncResolver-bootstrap-executor-0] [43] [INFO ] Resolving eureka endpoints via configuration
[2022-07-27T17:51:04.004Z] [com.netflix.discovery.shared.resolver.aws.ConfigClusterResolver] [AsyncResolver-bootstrap-executor-0] [43] [INFO ] Resolving eureka endpoints via configuration
[2022-07-27T17:56:04.004Z] [com.netflix.discovery.shared.resolver.aws.ConfigClusterResolver] [AsyncResolver-bootstrap-executor-0] [43] [INFO ] Resolving eureka endpoints via configuration
[2022-07-27T18:01:04.004Z] [com.netflix.discovery.shared.resolver.aws.ConfigClusterResolver] [AsyncResolver-bootstrap-executor-0] [43] [INFO ] Resolving eureka endpoints via configuration
[2022-07-27T18:06:04.004Z] [com.netflix.discovery.shared.resolver.aws.ConfigClusterResolver] [AsyncResolver-bootstrap-executor-0] [43] [INFO ] Resolving eureka endpoints via configuration
[2022-07-27T18:11:04.004Z] [com.netflix.discovery.shared.resolver.aws.ConfigClusterResolver] [AsyncResolver-bootstrap-executor-0] [43] [INFO ] Resolving eureka endpoints via configuration
[2022-07-27T18:16:04.004Z] [com.netflix.discovery.shared.resolver.aws.ConfigClusterResolver] [AsyncResolver-bootstrap-executor-0] [43] [INFO ] Resolving eureka endpoints via configuration
[2022-07-27T18:21:04.004Z] [com.netflix.discovery.shared.resolver.aws.ConfigClusterResolver] [AsyncResolver-bootstrap-executor-0] [43] [INFO ] Resolving eureka endpoints via configuration
[2022-07-27T18:26:04.004Z] [com.netflix.discovery.shared.resolver.aws.ConfigClusterResolver] [AsyncResolver-bootstrap-executor-0] [43] [INFO ] Resolving eureka endpoints via configuration
[2022-07-27T18:31:04.004Z] [com.netflix.discovery.shared.resolver.aws.ConfigClusterResolver] [AsyncResolver-bootstrap-executor-0] [43] [INFO ] Resolving eureka endpoints via configuration
[2022-07-27T18:36:04.004Z] [com.netflix.discovery.shared.resolver.aws.ConfigClusterResolver] [AsyncResolver-bootstrap-executor-0] [43] [INFO ] Resolving eureka endpoints via configuration
[2022-07-27T18:41:04.004Z] [com.netflix.discovery.shared.resolver.aws.ConfigClusterResolver] [AsyncResolver-bootstrap-executor-0] [43] [INFO ] Resolving eureka endpoints via configuration
[2022-07-27T18:46:04.004Z] [com.netflix.discovery.shared.resolver.aws.ConfigClusterResolver] [AsyncResolver-bootstrap-executor-0] [43] [INFO ] Resolving eureka endpoints via configuration
[2022-07-27T18:51:04.004Z] [com.netflix.discovery.shared.resolver.aws.ConfigClusterResolver] [AsyncResolver-bootstrap-executor-0] [43] [INFO ] Resolving eureka endpoints via configuration
[2022-07-27T18:56:04.004Z] [com.netflix.discovery.shared.resolver.aws.ConfigClusterResolver] [AsyncResolver-bootstrap-executor-0] [43] [INFO ] Resolving eureka endpoints via configuration
[2022-07-27T19:01:04.004Z] [com.netflix.discovery.shared.resolver.aws.ConfigClusterResolver] [AsyncResolver-bootstrap-executor-0] [43] [INFO ] Resolving eureka endpoints via configuration
[2022-07-27T19:06:04.004Z] [com.netflix.discovery.shared.resolver.aws.ConfigClusterResolver] [AsyncResolver-bootstrap-executor-0] [43] [INFO ] Resolving eureka endpoints via configuration
[2022-07-27T19:11:04.004Z] [com.netflix.discovery.shared.resolver.aws.ConfigClusterResolver] [AsyncResolver-bootstrap-executor-0] [43] [INFO ] Resolving eureka endpoints via configuration
[2022-07-27T19:16:04.004Z] [com.netflix.discovery.shared.resolver.aws.ConfigClusterResolver] [AsyncResolver-bootstrap-executor-0] [43] [INFO ] Resolving eureka endpoints via configuration
[2022-07-27T19:21:04.004Z] [com.netflix.discovery.shared.resolver.aws.ConfigClusterResolver] [AsyncResolver-bootstrap-executor-0] [43] [INFO ] Resolving eureka endpoints via configuration
[2022-07-27T19:26:04.004Z] [com.netflix.discovery.shared.resolver.aws.ConfigClusterResolver] [AsyncResolver-bootstrap-executor-0] [43] [INFO ] Resolving eureka endpoints via configuration
[2022-07-27T19:31:04.004Z] [com.netflix.discovery.shared.resolver.aws.ConfigClusterResolver] [AsyncResolver-bootstrap-executor-0] [43] [INFO ] Resolving eureka endpoints via configuration
[2022-07-27T19:36:04.004Z] [com.netflix.discovery.shared.resolver.aws.ConfigClusterResolver] [AsyncResolver-bootstrap-executor-0] [43] [INFO ] Resolving eureka endpoints via configuration
[2022-07-27T19:41:04.004Z] [com.netflix.discovery.shared.resolver.aws.ConfigClusterResolver] [AsyncResolver-bootstrap-executor-0] [43] [INFO ] Resolving eureka endpoints via configuration
[2022-07-27T19:46:04.004Z] [com.netflix.discovery.shared.resolver.aws.ConfigClusterResolver] [AsyncResolver-bootstrap-executor-0] [43] [INFO ] Resolving eureka endpoints via configuration
[2022-07-27T19:51:04.004Z] [com.netflix.discovery.shared.resolver.aws.ConfigClusterResolver] [AsyncResolver-bootstrap-executor-0] [43] [INFO ] Resolving eureka endpoints via configuration
[2022-07-27T19:56:04.004Z] [com.netflix.discovery.shared.resolver.aws.ConfigClusterResolver] [AsyncResolver-bootstrap-executor-0] [43] [INFO ] Resolving eureka endpoints via configuration
[2022-07-27T20:01:04.004Z] [com.netflix.discovery.shared.resolver.aws.ConfigClusterResolver] [AsyncResolver-bootstrap-executor-0] [43] [INFO ] Resolving eureka endpoints via configuration
[2022-07-27T20:06:04.004Z] [com.netflix.discovery.shared.resolver.aws.ConfigClusterResolver] [AsyncResolver-bootstrap-executor-0] [43] [INFO ] Resolving eureka endpoints via configuration
[2022-07-27T20:11:04.004Z] [com.netflix.discovery.shared.resolver.aws.ConfigClusterResolver] [AsyncResolver-bootstrap-executor-0] [43] [INFO ] Resolving eureka endpoints via configuration
[2022-07-27T20:16:04.004Z] [com.netflix.discovery.shared.resolver.aws.ConfigClusterResolver] [AsyncResolver-bootstrap-executor-0] [43] [INFO ] Resolving eureka endpoints via configuration
[2022-07-27T20:21:04.004Z] [com.netflix.discovery.shared.resolver.aws.ConfigClusterResolver] [AsyncResolver-bootstrap-executor-0] [43] [INFO ] Resolving eureka endpoints via configuration
[2022-07-27T20:26:04.004Z] [com.netflix.discovery.shared.resolver.aws.ConfigClusterResolver] [AsyncResolver-bootstrap-executor-0] [43] [INFO ] Resolving eureka endpoints via configuration
[2022-07-27T20:31:04.004Z] [com.netflix.discovery.shared.resolver.aws.ConfigClusterResolver] [AsyncResolver-bootstrap-executor-0] [43] [INFO ] Resolving eureka endpoints via configuration
[2022-07-27T20:36:04.004Z] [com.netflix.discovery.shared.resolver.aws.ConfigClusterResolver] [AsyncResolver-bootstrap-executor-0] [43] [INFO ] Resolving eureka endpoints via configuration
[2022-07-27T20:41:04.004Z] [com.netflix.discovery.shared.resolver.aws.ConfigClusterResolver] [AsyncResolver-bootstrap-executor-0] [43] [INFO ] Resolving eureka endpoints via configuration
[2022-07-27T20:46:04.004Z] [com.netflix.discovery.shared.resolver.aws.ConfigClusterResolver] [AsyncResolver-bootstrap-executor-0] [43] [INFO ] Resolving eureka endpoints via configuration
[2022-07-27T20:51:04.004Z] [com.netflix.discovery.shared.resolver.aws.ConfigClusterResolver] [AsyncResolver-bootstrap-executor-0] [43] [INFO ] Resolving eureka endpoints via configuration
[2022-07-27T20:55:36.036Z] [org.springframework.boot.admin.SpringApplicationAdminMXBeanRegistrar$SpringApplicationAdmin] [RMI TCP Connection(304)-127.0.0.1] [159] [INFO ] Application shutdown requested.
[2022-07-27T20:55:36.036Z] [org.springframework.cloud.netflix.eureka.serviceregistry.EurekaServiceRegistry] [RMI TCP Connection(304)-127.0.0.1] [62] [INFO ] Unregistering application DOCTOR-SERVICE with eureka with status DOWN
[2022-07-27T20:55:36.036Z] [com.netflix.discovery.DiscoveryClient$3] [RMI TCP Connection(304)-127.0.0.1] [1352] [INFO ] Saw local status change event StatusChangeEvent [timestamp=1658935536826, current=DOWN, previous=UP]
[2022-07-27T20:55:36.036Z] [com.netflix.discovery.DiscoveryClient] [DiscoveryClient-InstanceInfoReplicator-0] [873] [INFO ] DiscoveryClient_DOCTOR-SERVICE/inlen8520018531.corp.capgemini.com:doctor-service:8081: registering service...
[2022-07-27T20:55:36.036Z] [org.springframework.orm.jpa.AbstractEntityManagerFactoryBean] [RMI TCP Connection(304)-127.0.0.1] [651] [INFO ] Closing JPA EntityManagerFactory for persistence unit 'default'
[2022-07-27T20:55:36.036Z] [com.zaxxer.hikari.HikariDataSource] [RMI TCP Connection(304)-127.0.0.1] [350] [INFO ] HikariPool-2 - Shutdown initiated...
[2022-07-27T20:55:36.036Z] [com.netflix.discovery.shared.transport.decorator.RedirectingEurekaHttpClient] [DiscoveryClient-InstanceInfoReplicator-0] [93] [INFO ] Request execution error. endpoint=DefaultEndpoint{ serviceUrl='http://localhost:8761/eureka/} exception=java.net.ConnectException: Connection refused: no further information stacktrace=com.sun.jersey.api.client.ClientHandlerException: java.net.ConnectException: Connection refused: no further information
	at com.sun.jersey.client.apache4.ApacheHttpClient4Handler.handle(ApacheHttpClient4Handler.java:187)
	at com.sun.jersey.api.client.filter.GZIPContentEncodingFilter.handle(GZIPContentEncodingFilter.java:123)
	at com.netflix.discovery.EurekaIdentityHeaderFilter.handle(EurekaIdentityHeaderFilter.java:27)
	at com.sun.jersey.api.client.Client.handle(Client.java:652)
	at com.sun.jersey.api.client.WebResource.handle(WebResource.java:682)
	at com.sun.jersey.api.client.WebResource.access$200(WebResource.java:74)
	at com.sun.jersey.api.client.WebResource$Builder.post(WebResource.java:570)
	at com.netflix.discovery.shared.transport.jersey.AbstractJerseyEurekaHttpClient.register(AbstractJerseyEurekaHttpClient.java:57)
	at com.netflix.discovery.shared.transport.decorator.EurekaHttpClientDecorator$1.execute(EurekaHttpClientDecorator.java:59)
	at com.netflix.discovery.shared.transport.decorator.MetricsCollectingEurekaHttpClient.execute(MetricsCollectingEurekaHttpClient.java:73)
	at com.netflix.discovery.shared.transport.decorator.EurekaHttpClientDecorator.register(EurekaHttpClientDecorator.java:56)
	at com.netflix.discovery.shared.transport.decorator.EurekaHttpClientDecorator$1.execute(EurekaHttpClientDecorator.java:59)
	at com.netflix.discovery.shared.transport.decorator.RedirectingEurekaHttpClient.execute(RedirectingEurekaHttpClient.java:91)
	at com.netflix.discovery.shared.transport.decorator.EurekaHttpClientDecorator.register(EurekaHttpClientDecorator.java:56)
	at com.netflix.discovery.shared.transport.decorator.EurekaHttpClientDecorator$1.execute(EurekaHttpClientDecorator.java:59)
	at com.netflix.discovery.shared.transport.decorator.RetryableEurekaHttpClient.execute(RetryableEurekaHttpClient.java:120)
	at com.netflix.discovery.shared.transport.decorator.EurekaHttpClientDecorator.register(EurekaHttpClientDecorator.java:56)
	at com.netflix.discovery.shared.transport.decorator.EurekaHttpClientDecorator$1.execute(EurekaHttpClientDecorator.java:59)
	at com.netflix.discovery.shared.transport.decorator.SessionedEurekaHttpClient.execute(SessionedEurekaHttpClient.java:77)
	at com.netflix.discovery.shared.transport.decorator.EurekaHttpClientDecorator.register(EurekaHttpClientDecorator.java:56)
	at com.netflix.discovery.DiscoveryClient.register(DiscoveryClient.java:876)
	at com.netflix.discovery.InstanceInfoReplicator.run(InstanceInfoReplicator.java:121)
	at com.netflix.discovery.InstanceInfoReplicator$1.run(InstanceInfoReplicator.java:101)
	at java.base/java.util.concurrent.Executors$RunnableAdapter.call(Executors.java:539)
	at java.base/java.util.concurrent.FutureTask.run(FutureTask.java:264)
	at java.base/java.util.concurrent.ScheduledThreadPoolExecutor$ScheduledFutureTask.run(ScheduledThreadPoolExecutor.java:304)
	at java.base/java.util.concurrent.ThreadPoolExecutor.runWorker(ThreadPoolExecutor.java:1136)
	at java.base/java.util.concurrent.ThreadPoolExecutor$Worker.run(ThreadPoolExecutor.java:635)
	at java.base/java.lang.Thread.run(Thread.java:833)
Caused by: java.net.ConnectException: Connection refused: no further information
	at java.base/sun.nio.ch.Net.pollConnect(Native Method)
	at java.base/sun.nio.ch.Net.pollConnectNow(Net.java:672)
	at java.base/sun.nio.ch.NioSocketImpl.timedFinishConnect(NioSocketImpl.java:542)
	at java.base/sun.nio.ch.NioSocketImpl.connect(NioSocketImpl.java:597)
	at java.base/java.net.SocksSocketImpl.connect(SocksSocketImpl.java:327)
	at java.base/java.net.Socket.connect(Socket.java:633)
	at org.apache.http.conn.scheme.PlainSocketFactory.connectSocket(PlainSocketFactory.java:121)
	at org.apache.http.impl.conn.DefaultClientConnectionOperator.openConnection(DefaultClientConnectionOperator.java:180)
	at org.apache.http.impl.conn.AbstractPoolEntry.open(AbstractPoolEntry.java:144)
	at org.apache.http.impl.conn.AbstractPooledConnAdapter.open(AbstractPooledConnAdapter.java:134)
	at org.apache.http.impl.client.DefaultRequestDirector.tryConnect(DefaultRequestDirector.java:605)
	at org.apache.http.impl.client.DefaultRequestDirector.execute(DefaultRequestDirector.java:440)
	at org.apache.http.impl.client.AbstractHttpClient.doExecute(AbstractHttpClient.java:835)
	at org.apache.http.impl.client.CloseableHttpClient.execute(CloseableHttpClient.java:118)
	at org.apache.http.impl.client.CloseableHttpClient.execute(CloseableHttpClient.java:56)
	at com.sun.jersey.client.apache4.ApacheHttpClient4Handler.handle(ApacheHttpClient4Handler.java:173)
	... 28 more

[2022-07-27T20:55:36.036Z] [com.netflix.discovery.shared.transport.decorator.RetryableEurekaHttpClient] [DiscoveryClient-InstanceInfoReplicator-0] [130] [WARN ] Request execution failed with message: java.net.ConnectException: Connection refused: no further information
[2022-07-27T20:55:36.036Z] [com.zaxxer.hikari.HikariDataSource] [RMI TCP Connection(304)-127.0.0.1] [352] [INFO ] HikariPool-2 - Shutdown completed.
[2022-07-27T20:55:36.036Z] [com.netflix.discovery.DiscoveryClient] [RMI TCP Connection(304)-127.0.0.1] [935] [INFO ] Shutting down DiscoveryClient ...
[2022-07-27T20:55:36.036Z] [com.netflix.discovery.shared.transport.decorator.RedirectingEurekaHttpClient] [DiscoveryClient-InstanceInfoReplicator-0] [84] [INFO ] Request execution error. endpoint=DefaultEndpoint{ serviceUrl='http://localhost:8761/eureka/}, exception=java.net.ConnectException: Connection refused: no further information stacktrace=com.sun.jersey.api.client.ClientHandlerException: java.net.ConnectException: Connection refused: no further information
	at com.sun.jersey.client.apache4.ApacheHttpClient4Handler.handle(ApacheHttpClient4Handler.java:187)
	at com.sun.jersey.api.client.filter.GZIPContentEncodingFilter.handle(GZIPContentEncodingFilter.java:123)
	at com.netflix.discovery.EurekaIdentityHeaderFilter.handle(EurekaIdentityHeaderFilter.java:27)
	at com.sun.jersey.api.client.Client.handle(Client.java:652)
	at com.sun.jersey.api.client.WebResource.handle(WebResource.java:682)
	at com.sun.jersey.api.client.WebResource.access$200(WebResource.java:74)
	at com.sun.jersey.api.client.WebResource$Builder.post(WebResource.java:570)
	at com.netflix.discovery.shared.transport.jersey.AbstractJerseyEurekaHttpClient.register(AbstractJerseyEurekaHttpClient.java:57)
	at com.netflix.discovery.shared.transport.decorator.EurekaHttpClientDecorator$1.execute(EurekaHttpClientDecorator.java:59)
	at com.netflix.discovery.shared.transport.decorator.MetricsCollectingEurekaHttpClient.execute(MetricsCollectingEurekaHttpClient.java:73)
	at com.netflix.discovery.shared.transport.decorator.EurekaHttpClientDecorator.register(EurekaHttpClientDecorator.java:56)
	at com.netflix.discovery.shared.transport.decorator.EurekaHttpClientDecorator$1.execute(EurekaHttpClientDecorator.java:59)
	at com.netflix.discovery.shared.transport.decorator.RedirectingEurekaHttpClient.executeOnNewServer(RedirectingEurekaHttpClient.java:121)
	at com.netflix.discovery.shared.transport.decorator.RedirectingEurekaHttpClient.execute(RedirectingEurekaHttpClient.java:80)
	at com.netflix.discovery.shared.transport.decorator.EurekaHttpClientDecorator.register(EurekaHttpClientDecorator.java:56)
	at com.netflix.discovery.shared.transport.decorator.EurekaHttpClientDecorator$1.execute(EurekaHttpClientDecorator.java:59)
	at com.netflix.discovery.shared.transport.decorator.RetryableEurekaHttpClient.execute(RetryableEurekaHttpClient.java:120)
	at com.netflix.discovery.shared.transport.decorator.EurekaHttpClientDecorator.register(EurekaHttpClientDecorator.java:56)
	at com.netflix.discovery.shared.transport.decorator.EurekaHttpClientDecorator$1.execute(EurekaHttpClientDecorator.java:59)
	at com.netflix.discovery.shared.transport.decorator.SessionedEurekaHttpClient.execute(SessionedEurekaHttpClient.java:77)
	at com.netflix.discovery.shared.transport.decorator.EurekaHttpClientDecorator.register(EurekaHttpClientDecorator.java:56)
	at com.netflix.discovery.DiscoveryClient.register(DiscoveryClient.java:876)
	at com.netflix.discovery.InstanceInfoReplicator.run(InstanceInfoReplicator.java:121)
	at com.netflix.discovery.InstanceInfoReplicator$1.run(InstanceInfoReplicator.java:101)
	at java.base/java.util.concurrent.Executors$RunnableAdapter.call(Executors.java:539)
	at java.base/java.util.concurrent.FutureTask.run(FutureTask.java:264)
	at java.base/java.util.concurrent.ScheduledThreadPoolExecutor$ScheduledFutureTask.run(ScheduledThreadPoolExecutor.java:304)
	at java.base/java.util.concurrent.ThreadPoolExecutor.runWorker(ThreadPoolExecutor.java:1136)
	at java.base/java.util.concurrent.ThreadPoolExecutor$Worker.run(ThreadPoolExecutor.java:635)
	at java.base/java.lang.Thread.run(Thread.java:833)
Caused by: java.net.ConnectException: Connection refused: no further information
	at java.base/sun.nio.ch.Net.pollConnect(Native Method)
	at java.base/sun.nio.ch.Net.pollConnectNow(Net.java:672)
	at java.base/sun.nio.ch.NioSocketImpl.timedFinishConnect(NioSocketImpl.java:542)
	at java.base/sun.nio.ch.NioSocketImpl.connect(NioSocketImpl.java:597)
	at java.base/java.net.SocksSocketImpl.connect(SocksSocketImpl.java:327)
	at java.base/java.net.Socket.connect(Socket.java:633)
	at org.apache.http.conn.scheme.PlainSocketFactory.connectSocket(PlainSocketFactory.java:121)
	at org.apache.http.impl.conn.DefaultClientConnectionOperator.openConnection(DefaultClientConnectionOperator.java:180)
	at org.apache.http.impl.conn.AbstractPoolEntry.open(AbstractPoolEntry.java:144)
	at org.apache.http.impl.conn.AbstractPooledConnAdapter.open(AbstractPooledConnAdapter.java:134)
	at org.apache.http.impl.client.DefaultRequestDirector.tryConnect(DefaultRequestDirector.java:605)
	at org.apache.http.impl.client.DefaultRequestDirector.execute(DefaultRequestDirector.java:440)
	at org.apache.http.impl.client.AbstractHttpClient.doExecute(AbstractHttpClient.java:835)
	at org.apache.http.impl.client.CloseableHttpClient.execute(CloseableHttpClient.java:118)
	at org.apache.http.impl.client.CloseableHttpClient.execute(CloseableHttpClient.java:56)
	at com.sun.jersey.client.apache4.ApacheHttpClient4Handler.handle(ApacheHttpClient4Handler.java:173)
	... 29 more

[2022-07-27T20:55:36.036Z] [com.netflix.discovery.shared.transport.decorator.RetryableEurekaHttpClient] [DiscoveryClient-InstanceInfoReplicator-0] [130] [WARN ] Request execution failed with message: java.net.ConnectException: Connection refused: no further information
[2022-07-27T20:55:36.036Z] [com.netflix.discovery.DiscoveryClient] [DiscoveryClient-InstanceInfoReplicator-0] [878] [WARN ] DiscoveryClient_DOCTOR-SERVICE/inlen8520018531.corp.capgemini.com:doctor-service:8081 - registration failed Cannot execute request on any known server
com.netflix.discovery.shared.transport.TransportException: Cannot execute request on any known server
	at com.netflix.discovery.shared.transport.decorator.RetryableEurekaHttpClient.execute(RetryableEurekaHttpClient.java:112)
	at com.netflix.discovery.shared.transport.decorator.EurekaHttpClientDecorator.register(EurekaHttpClientDecorator.java:56)
	at com.netflix.discovery.shared.transport.decorator.EurekaHttpClientDecorator$1.execute(EurekaHttpClientDecorator.java:59)
	at com.netflix.discovery.shared.transport.decorator.SessionedEurekaHttpClient.execute(SessionedEurekaHttpClient.java:77)
	at com.netflix.discovery.shared.transport.decorator.EurekaHttpClientDecorator.register(EurekaHttpClientDecorator.java:56)
	at com.netflix.discovery.DiscoveryClient.register(DiscoveryClient.java:876)
	at com.netflix.discovery.InstanceInfoReplicator.run(InstanceInfoReplicator.java:121)
	at com.netflix.discovery.InstanceInfoReplicator$1.run(InstanceInfoReplicator.java:101)
	at java.base/java.util.concurrent.Executors$RunnableAdapter.call(Executors.java:539)
	at java.base/java.util.concurrent.FutureTask.run(FutureTask.java:264)
	at java.base/java.util.concurrent.ScheduledThreadPoolExecutor$ScheduledFutureTask.run(ScheduledThreadPoolExecutor.java:304)
	at java.base/java.util.concurrent.ThreadPoolExecutor.runWorker(ThreadPoolExecutor.java:1136)
	at java.base/java.util.concurrent.ThreadPoolExecutor$Worker.run(ThreadPoolExecutor.java:635)
	at java.base/java.lang.Thread.run(Thread.java:833)
[2022-07-27T20:55:36.036Z] [com.netflix.discovery.InstanceInfoReplicator] [DiscoveryClient-InstanceInfoReplicator-0] [125] [WARN ] There was a problem with the instance info replicator
com.netflix.discovery.shared.transport.TransportException: Cannot execute request on any known server
	at com.netflix.discovery.shared.transport.decorator.RetryableEurekaHttpClient.execute(RetryableEurekaHttpClient.java:112)
	at com.netflix.discovery.shared.transport.decorator.EurekaHttpClientDecorator.register(EurekaHttpClientDecorator.java:56)
	at com.netflix.discovery.shared.transport.decorator.EurekaHttpClientDecorator$1.execute(EurekaHttpClientDecorator.java:59)
	at com.netflix.discovery.shared.transport.decorator.SessionedEurekaHttpClient.execute(SessionedEurekaHttpClient.java:77)
	at com.netflix.discovery.shared.transport.decorator.EurekaHttpClientDecorator.register(EurekaHttpClientDecorator.java:56)
	at com.netflix.discovery.DiscoveryClient.register(DiscoveryClient.java:876)
	at com.netflix.discovery.InstanceInfoReplicator.run(InstanceInfoReplicator.java:121)
	at com.netflix.discovery.InstanceInfoReplicator$1.run(InstanceInfoReplicator.java:101)
	at java.base/java.util.concurrent.Executors$RunnableAdapter.call(Executors.java:539)
	at java.base/java.util.concurrent.FutureTask.run(FutureTask.java:264)
	at java.base/java.util.concurrent.ScheduledThreadPoolExecutor$ScheduledFutureTask.run(ScheduledThreadPoolExecutor.java:304)
	at java.base/java.util.concurrent.ThreadPoolExecutor.runWorker(ThreadPoolExecutor.java:1136)
	at java.base/java.util.concurrent.ThreadPoolExecutor$Worker.run(ThreadPoolExecutor.java:635)
	at java.base/java.lang.Thread.run(Thread.java:833)
[2022-07-27T20:55:36.036Z] [com.netflix.discovery.DiscoveryClient] [RMI TCP Connection(304)-127.0.0.1] [971] [INFO ] Unregistering ...
[2022-07-27T20:55:36.036Z] [com.netflix.discovery.shared.transport.decorator.RedirectingEurekaHttpClient] [RMI TCP Connection(304)-127.0.0.1] [84] [INFO ] Request execution error. endpoint=DefaultEndpoint{ serviceUrl='http://localhost:8761/eureka/}, exception=java.net.ConnectException: Connection refused: no further information stacktrace=com.sun.jersey.api.client.ClientHandlerException: java.net.ConnectException: Connection refused: no further information
	at com.sun.jersey.client.apache4.ApacheHttpClient4Handler.handle(ApacheHttpClient4Handler.java:187)
	at com.sun.jersey.api.client.filter.GZIPContentEncodingFilter.handle(GZIPContentEncodingFilter.java:123)
	at com.netflix.discovery.EurekaIdentityHeaderFilter.handle(EurekaIdentityHeaderFilter.java:27)
	at com.sun.jersey.api.client.Client.handle(Client.java:652)
	at com.sun.jersey.api.client.WebResource.handle(WebResource.java:682)
	at com.sun.jersey.api.client.WebResource.access$200(WebResource.java:74)
	at com.sun.jersey.api.client.WebResource$Builder.delete(WebResource.java:591)
	at com.netflix.discovery.shared.transport.jersey.AbstractJerseyEurekaHttpClient.cancel(AbstractJerseyEurekaHttpClient.java:77)
	at com.netflix.discovery.shared.transport.decorator.EurekaHttpClientDecorator$2.execute(EurekaHttpClientDecorator.java:74)
	at com.netflix.discovery.shared.transport.decorator.MetricsCollectingEurekaHttpClient.execute(MetricsCollectingEurekaHttpClient.java:73)
	at com.netflix.discovery.shared.transport.decorator.EurekaHttpClientDecorator.cancel(EurekaHttpClientDecorator.java:71)
	at com.netflix.discovery.shared.transport.decorator.EurekaHttpClientDecorator$2.execute(EurekaHttpClientDecorator.java:74)
	at com.netflix.discovery.shared.transport.decorator.RedirectingEurekaHttpClient.executeOnNewServer(RedirectingEurekaHttpClient.java:121)
	at com.netflix.discovery.shared.transport.decorator.RedirectingEurekaHttpClient.execute(RedirectingEurekaHttpClient.java:80)
	at com.netflix.discovery.shared.transport.decorator.EurekaHttpClientDecorator.cancel(EurekaHttpClientDecorator.java:71)
	at com.netflix.discovery.shared.transport.decorator.EurekaHttpClientDecorator$2.execute(EurekaHttpClientDecorator.java:74)
	at com.netflix.discovery.shared.transport.decorator.RetryableEurekaHttpClient.execute(RetryableEurekaHttpClient.java:120)
	at com.netflix.discovery.shared.transport.decorator.EurekaHttpClientDecorator.cancel(EurekaHttpClientDecorator.java:71)
	at com.netflix.discovery.shared.transport.decorator.EurekaHttpClientDecorator$2.execute(EurekaHttpClientDecorator.java:74)
	at com.netflix.discovery.shared.transport.decorator.SessionedEurekaHttpClient.execute(SessionedEurekaHttpClient.java:77)
	at com.netflix.discovery.shared.transport.decorator.EurekaHttpClientDecorator.cancel(EurekaHttpClientDecorator.java:71)
	at com.netflix.discovery.DiscoveryClient.unregister(DiscoveryClient.java:972)
	at com.netflix.discovery.DiscoveryClient.shutdown(DiscoveryClient.java:948)
	at java.base/jdk.internal.reflect.NativeMethodAccessorImpl.invoke0(Native Method)
	at java.base/jdk.internal.reflect.NativeMethodAccessorImpl.invoke(NativeMethodAccessorImpl.java:77)
	at java.base/jdk.internal.reflect.DelegatingMethodAccessorImpl.invoke(DelegatingMethodAccessorImpl.java:43)
	at java.base/java.lang.reflect.Method.invoke(Method.java:568)
	at org.springframework.beans.factory.annotation.InitDestroyAnnotationBeanPostProcessor$LifecycleElement.invoke(InitDestroyAnnotationBeanPostProcessor.java:389)
	at org.springframework.beans.factory.annotation.InitDestroyAnnotationBeanPostProcessor$LifecycleMetadata.invokeDestroyMethods(InitDestroyAnnotationBeanPostProcessor.java:347)
	at org.springframework.beans.factory.annotation.InitDestroyAnnotationBeanPostProcessor.postProcessBeforeDestruction(InitDestroyAnnotationBeanPostProcessor.java:177)
	at org.springframework.beans.factory.support.DisposableBeanAdapter.destroy(DisposableBeanAdapter.java:197)
	at org.springframework.beans.factory.support.DisposableBeanAdapter.run(DisposableBeanAdapter.java:190)
	at org.springframework.cloud.context.scope.GenericScope$BeanLifecycleWrapper.destroy(GenericScope.java:390)
	at org.springframework.cloud.context.scope.GenericScope.destroy(GenericScope.java:136)
	at org.springframework.beans.factory.support.DisposableBeanAdapter.destroy(DisposableBeanAdapter.java:213)
	at org.springframework.beans.factory.support.DefaultSingletonBeanRegistry.destroyBean(DefaultSingletonBeanRegistry.java:587)
	at org.springframework.beans.factory.support.DefaultSingletonBeanRegistry.destroySingleton(DefaultSingletonBeanRegistry.java:559)
	at org.springframework.beans.factory.support.DefaultListableBeanFactory.destroySingleton(DefaultListableBeanFactory.java:1163)
	at org.springframework.beans.factory.support.DefaultSingletonBeanRegistry.destroySingletons(DefaultSingletonBeanRegistry.java:520)
	at org.springframework.beans.factory.support.DefaultListableBeanFactory.destroySingletons(DefaultListableBeanFactory.java:1156)
	at org.springframework.context.support.AbstractApplicationContext.destroyBeans(AbstractApplicationContext.java:1106)
	at org.springframework.context.support.AbstractApplicationContext.doClose(AbstractApplicationContext.java:1075)
	at org.springframework.boot.web.servlet.context.ServletWebServerApplicationContext.doClose(ServletWebServerApplicationContext.java:174)
	at org.springframework.context.support.AbstractApplicationContext.close(AbstractApplicationContext.java:1021)
	at org.springframework.boot.admin.SpringApplicationAdminMXBeanRegistrar$SpringApplicationAdmin.shutdown(SpringApplicationAdminMXBeanRegistrar.java:160)
	at java.base/jdk.internal.reflect.NativeMethodAccessorImpl.invoke0(Native Method)
	at java.base/jdk.internal.reflect.NativeMethodAccessorImpl.invoke(NativeMethodAccessorImpl.java:77)
	at java.base/jdk.internal.reflect.DelegatingMethodAccessorImpl.invoke(DelegatingMethodAccessorImpl.java:43)
	at java.base/java.lang.reflect.Method.invoke(Method.java:568)
	at sun.reflect.misc.Trampoline.invoke(MethodUtil.java:72)
	at java.base/jdk.internal.reflect.NativeMethodAccessorImpl.invoke0(Native Method)
	at java.base/jdk.internal.reflect.NativeMethodAccessorImpl.invoke(NativeMethodAccessorImpl.java:77)
	at java.base/jdk.internal.reflect.DelegatingMethodAccessorImpl.invoke(DelegatingMethodAccessorImpl.java:43)
	at java.base/java.lang.reflect.Method.invoke(Method.java:568)
	at java.base/sun.reflect.misc.MethodUtil.invoke(MethodUtil.java:262)
	at java.management/com.sun.jmx.mbeanserver.ConvertingMethod.invokeWithOpenReturn(ConvertingMethod.java:193)
	at java.management/com.sun.jmx.mbeanserver.ConvertingMethod.invokeWithOpenReturn(ConvertingMethod.java:175)
	at java.management/com.sun.jmx.mbeanserver.MXBeanIntrospector.invokeM2(MXBeanIntrospector.java:117)
	at java.management/com.sun.jmx.mbeanserver.MXBeanIntrospector.invokeM2(MXBeanIntrospector.java:54)
	at java.management/com.sun.jmx.mbeanserver.MBeanIntrospector.invokeM(MBeanIntrospector.java:237)
	at java.management/com.sun.jmx.mbeanserver.PerInterface.invoke(PerInterface.java:138)
	at java.management/com.sun.jmx.mbeanserver.MBeanSupport.invoke(MBeanSupport.java:252)
	at java.management/com.sun.jmx.interceptor.DefaultMBeanServerInterceptor.invoke(DefaultMBeanServerInterceptor.java:814)
	at java.management/com.sun.jmx.mbeanserver.JmxMBeanServer.invoke(JmxMBeanServer.java:802)
	at java.management.rmi/javax.management.remote.rmi.RMIConnectionImpl.doOperation(RMIConnectionImpl.java:1472)
	at java.management.rmi/javax.management.remote.rmi.RMIConnectionImpl$PrivilegedOperation.run(RMIConnectionImpl.java:1310)
	at java.management.rmi/javax.management.remote.rmi.RMIConnectionImpl.doPrivilegedOperation(RMIConnectionImpl.java:1405)
	at java.management.rmi/javax.management.remote.rmi.RMIConnectionImpl.invoke(RMIConnectionImpl.java:829)
	at java.base/jdk.internal.reflect.GeneratedMethodAccessor112.invoke(Unknown Source)
	at java.base/jdk.internal.reflect.DelegatingMethodAccessorImpl.invoke(DelegatingMethodAccessorImpl.java:43)
	at java.base/java.lang.reflect.Method.invoke(Method.java:568)
	at java.rmi/sun.rmi.server.UnicastServerRef.dispatch(UnicastServerRef.java:360)
	at java.rmi/sun.rmi.transport.Transport$1.run(Transport.java:200)
	at java.rmi/sun.rmi.transport.Transport$1.run(Transport.java:197)
	at java.base/java.security.AccessController.doPrivileged(AccessController.java:712)
	at java.rmi/sun.rmi.transport.Transport.serviceCall(Transport.java:196)
	at java.rmi/sun.rmi.transport.tcp.TCPTransport.handleMessages(TCPTransport.java:587)
	at java.rmi/sun.rmi.transport.tcp.TCPTransport$ConnectionHandler.run0(TCPTransport.java:828)
	at java.rmi/sun.rmi.transport.tcp.TCPTransport$ConnectionHandler.lambda$run$0(TCPTransport.java:705)
	at java.base/java.security.AccessController.doPrivileged(AccessController.java:399)
	at java.rmi/sun.rmi.transport.tcp.TCPTransport$ConnectionHandler.run(TCPTransport.java:704)
	at java.base/java.util.concurrent.ThreadPoolExecutor.runWorker(ThreadPoolExecutor.java:1136)
	at java.base/java.util.concurrent.ThreadPoolExecutor$Worker.run(ThreadPoolExecutor.java:635)
	at java.base/java.lang.Thread.run(Thread.java:833)
Caused by: java.net.ConnectException: Connection refused: no further information
	at java.base/sun.nio.ch.Net.pollConnect(Native Method)
	at java.base/sun.nio.ch.Net.pollConnectNow(Net.java:672)
	at java.base/sun.nio.ch.NioSocketImpl.timedFinishConnect(NioSocketImpl.java:542)
	at java.base/sun.nio.ch.NioSocketImpl.connect(NioSocketImpl.java:597)
	at java.base/java.net.SocksSocketImpl.connect(SocksSocketImpl.java:327)
	at java.base/java.net.Socket.connect(Socket.java:633)
	at org.apache.http.conn.scheme.PlainSocketFactory.connectSocket(PlainSocketFactory.java:121)
	at org.apache.http.impl.conn.DefaultClientConnectionOperator.openConnection(DefaultClientConnectionOperator.java:180)
	at org.apache.http.impl.conn.AbstractPoolEntry.open(AbstractPoolEntry.java:144)
	at org.apache.http.impl.conn.AbstractPooledConnAdapter.open(AbstractPooledConnAdapter.java:134)
	at org.apache.http.impl.client.DefaultRequestDirector.tryConnect(DefaultRequestDirector.java:605)
	at org.apache.http.impl.client.DefaultRequestDirector.execute(DefaultRequestDirector.java:440)
	at org.apache.http.impl.client.AbstractHttpClient.doExecute(AbstractHttpClient.java:835)
	at org.apache.http.impl.client.CloseableHttpClient.execute(CloseableHttpClient.java:118)
	at org.apache.http.impl.client.CloseableHttpClient.execute(CloseableHttpClient.java:56)
	at com.sun.jersey.client.apache4.ApacheHttpClient4Handler.handle(ApacheHttpClient4Handler.java:173)
	... 83 more

[2022-07-27T20:55:36.036Z] [com.netflix.discovery.shared.transport.decorator.RetryableEurekaHttpClient] [RMI TCP Connection(304)-127.0.0.1] [130] [WARN ] Request execution failed with message: java.net.ConnectException: Connection refused: no further information
[2022-07-27T20:55:36.036Z] [com.netflix.discovery.DiscoveryClient] [RMI TCP Connection(304)-127.0.0.1] [975] [ERROR] DiscoveryClient_DOCTOR-SERVICE/inlen8520018531.corp.capgemini.com:doctor-service:8081 - de-registration failedCannot execute request on any known server
com.netflix.discovery.shared.transport.TransportException: Cannot execute request on any known server
	at com.netflix.discovery.shared.transport.decorator.RetryableEurekaHttpClient.execute(RetryableEurekaHttpClient.java:112)
	at com.netflix.discovery.shared.transport.decorator.EurekaHttpClientDecorator.cancel(EurekaHttpClientDecorator.java:71)
	at com.netflix.discovery.shared.transport.decorator.EurekaHttpClientDecorator$2.execute(EurekaHttpClientDecorator.java:74)
	at com.netflix.discovery.shared.transport.decorator.SessionedEurekaHttpClient.execute(SessionedEurekaHttpClient.java:77)
	at com.netflix.discovery.shared.transport.decorator.EurekaHttpClientDecorator.cancel(EurekaHttpClientDecorator.java:71)
	at com.netflix.discovery.DiscoveryClient.unregister(DiscoveryClient.java:972)
	at com.netflix.discovery.DiscoveryClient.shutdown(DiscoveryClient.java:948)
	at java.base/jdk.internal.reflect.NativeMethodAccessorImpl.invoke0(Native Method)
	at java.base/jdk.internal.reflect.NativeMethodAccessorImpl.invoke(NativeMethodAccessorImpl.java:77)
	at java.base/jdk.internal.reflect.DelegatingMethodAccessorImpl.invoke(DelegatingMethodAccessorImpl.java:43)
	at java.base/java.lang.reflect.Method.invoke(Method.java:568)
	at org.springframework.beans.factory.annotation.InitDestroyAnnotationBeanPostProcessor$LifecycleElement.invoke(InitDestroyAnnotationBeanPostProcessor.java:389)
	at org.springframework.beans.factory.annotation.InitDestroyAnnotationBeanPostProcessor$LifecycleMetadata.invokeDestroyMethods(InitDestroyAnnotationBeanPostProcessor.java:347)
	at org.springframework.beans.factory.annotation.InitDestroyAnnotationBeanPostProcessor.postProcessBeforeDestruction(InitDestroyAnnotationBeanPostProcessor.java:177)
	at org.springframework.beans.factory.support.DisposableBeanAdapter.destroy(DisposableBeanAdapter.java:197)
	at org.springframework.beans.factory.support.DisposableBeanAdapter.run(DisposableBeanAdapter.java:190)
	at org.springframework.cloud.context.scope.GenericScope$BeanLifecycleWrapper.destroy(GenericScope.java:390)
	at org.springframework.cloud.context.scope.GenericScope.destroy(GenericScope.java:136)
	at org.springframework.beans.factory.support.DisposableBeanAdapter.destroy(DisposableBeanAdapter.java:213)
	at org.springframework.beans.factory.support.DefaultSingletonBeanRegistry.destroyBean(DefaultSingletonBeanRegistry.java:587)
	at org.springframework.beans.factory.support.DefaultSingletonBeanRegistry.destroySingleton(DefaultSingletonBeanRegistry.java:559)
	at org.springframework.beans.factory.support.DefaultListableBeanFactory.destroySingleton(DefaultListableBeanFactory.java:1163)
	at org.springframework.beans.factory.support.DefaultSingletonBeanRegistry.destroySingletons(DefaultSingletonBeanRegistry.java:520)
	at org.springframework.beans.factory.support.DefaultListableBeanFactory.destroySingletons(DefaultListableBeanFactory.java:1156)
	at org.springframework.context.support.AbstractApplicationContext.destroyBeans(AbstractApplicationContext.java:1106)
	at org.springframework.context.support.AbstractApplicationContext.doClose(AbstractApplicationContext.java:1075)
	at org.springframework.boot.web.servlet.context.ServletWebServerApplicationContext.doClose(ServletWebServerApplicationContext.java:174)
	at org.springframework.context.support.AbstractApplicationContext.close(AbstractApplicationContext.java:1021)
	at org.springframework.boot.admin.SpringApplicationAdminMXBeanRegistrar$SpringApplicationAdmin.shutdown(SpringApplicationAdminMXBeanRegistrar.java:160)
	at java.base/jdk.internal.reflect.NativeMethodAccessorImpl.invoke0(Native Method)
	at java.base/jdk.internal.reflect.NativeMethodAccessorImpl.invoke(NativeMethodAccessorImpl.java:77)
	at java.base/jdk.internal.reflect.DelegatingMethodAccessorImpl.invoke(DelegatingMethodAccessorImpl.java:43)
	at java.base/java.lang.reflect.Method.invoke(Method.java:568)
	at sun.reflect.misc.Trampoline.invoke(MethodUtil.java:72)
	at java.base/jdk.internal.reflect.NativeMethodAccessorImpl.invoke0(Native Method)
	at java.base/jdk.internal.reflect.NativeMethodAccessorImpl.invoke(NativeMethodAccessorImpl.java:77)
	at java.base/jdk.internal.reflect.DelegatingMethodAccessorImpl.invoke(DelegatingMethodAccessorImpl.java:43)
	at java.base/java.lang.reflect.Method.invoke(Method.java:568)
	at java.base/sun.reflect.misc.MethodUtil.invoke(MethodUtil.java:262)
	at java.management/com.sun.jmx.mbeanserver.ConvertingMethod.invokeWithOpenReturn(ConvertingMethod.java:193)
	at java.management/com.sun.jmx.mbeanserver.ConvertingMethod.invokeWithOpenReturn(ConvertingMethod.java:175)
	at java.management/com.sun.jmx.mbeanserver.MXBeanIntrospector.invokeM2(MXBeanIntrospector.java:117)
	at java.management/com.sun.jmx.mbeanserver.MXBeanIntrospector.invokeM2(MXBeanIntrospector.java:54)
	at java.management/com.sun.jmx.mbeanserver.MBeanIntrospector.invokeM(MBeanIntrospector.java:237)
	at java.management/com.sun.jmx.mbeanserver.PerInterface.invoke(PerInterface.java:138)
	at java.management/com.sun.jmx.mbeanserver.MBeanSupport.invoke(MBeanSupport.java:252)
	at java.management/com.sun.jmx.interceptor.DefaultMBeanServerInterceptor.invoke(DefaultMBeanServerInterceptor.java:814)
	at java.management/com.sun.jmx.mbeanserver.JmxMBeanServer.invoke(JmxMBeanServer.java:802)
	at java.management.rmi/javax.management.remote.rmi.RMIConnectionImpl.doOperation(RMIConnectionImpl.java:1472)
	at java.management.rmi/javax.management.remote.rmi.RMIConnectionImpl$PrivilegedOperation.run(RMIConnectionImpl.java:1310)
	at java.management.rmi/javax.management.remote.rmi.RMIConnectionImpl.doPrivilegedOperation(RMIConnectionImpl.java:1405)
	at java.management.rmi/javax.management.remote.rmi.RMIConnectionImpl.invoke(RMIConnectionImpl.java:829)
	at java.base/jdk.internal.reflect.GeneratedMethodAccessor112.invoke(Unknown Source)
	at java.base/jdk.internal.reflect.DelegatingMethodAccessorImpl.invoke(DelegatingMethodAccessorImpl.java:43)
	at java.base/java.lang.reflect.Method.invoke(Method.java:568)
	at java.rmi/sun.rmi.server.UnicastServerRef.dispatch(UnicastServerRef.java:360)
	at java.rmi/sun.rmi.transport.Transport$1.run(Transport.java:200)
	at java.rmi/sun.rmi.transport.Transport$1.run(Transport.java:197)
	at java.base/java.security.AccessController.doPrivileged(AccessController.java:712)
	at java.rmi/sun.rmi.transport.Transport.serviceCall(Transport.java:196)
	at java.rmi/sun.rmi.transport.tcp.TCPTransport.handleMessages(TCPTransport.java:587)
	at java.rmi/sun.rmi.transport.tcp.TCPTransport$ConnectionHandler.run0(TCPTransport.java:828)
	at java.rmi/sun.rmi.transport.tcp.TCPTransport$ConnectionHandler.lambda$run$0(TCPTransport.java:705)
	at java.base/java.security.AccessController.doPrivileged(AccessController.java:399)
	at java.rmi/sun.rmi.transport.tcp.TCPTransport$ConnectionHandler.run(TCPTransport.java:704)
	at java.base/java.util.concurrent.ThreadPoolExecutor.runWorker(ThreadPoolExecutor.java:1136)
	at java.base/java.util.concurrent.ThreadPoolExecutor$Worker.run(ThreadPoolExecutor.java:635)
	at java.base/java.lang.Thread.run(Thread.java:833)
[2022-07-27T20:55:37.037Z] [com.netflix.discovery.DiscoveryClient] [RMI TCP Connection(304)-127.0.0.1] [960] [INFO ] Completed shut down of DiscoveryClient
[2022-07-28T12:59:26.026Z] [org.hibernate.validator.internal.util.Version] [background-preinit] [21] [INFO ] HV000001: Hibernate Validator 6.2.3.Final
[2022-07-28T12:59:26.026Z] [org.springframework.boot.StartupInfoLogger] [restartedMain] [55] [INFO ] Starting DoctorServiceApplication using Java 17.0.2 on inlen8520018531 with PID 14240 (C:\Users\MEGHGR\git\PharmacyManagementSystem\doctor-service\target\classes started by meghgr in C:\Users\MEGHGR\git\PharmacyManagementSystem\doctor-service)
[2022-07-28T12:59:26.026Z] [org.springframework.boot.SpringApplication] [restartedMain] [634] [INFO ] No active profile set, falling back to 1 default profile: "default"
[2022-07-28T12:59:26.026Z] [org.springframework.boot.logging.DeferredLog] [restartedMain] [255] [INFO ] Devtools property defaults active! Set 'spring.devtools.add-properties' to 'false' to disable
[2022-07-28T12:59:26.026Z] [org.springframework.boot.logging.DeferredLog] [restartedMain] [255] [INFO ] For additional web related logging consider setting the 'logging.level.web' property to 'DEBUG'
[2022-07-28T12:59:27.027Z] [org.springframework.data.repository.config.RepositoryConfigurationDelegate] [restartedMain] [132] [INFO ] Bootstrapping Spring Data JPA repositories in DEFAULT mode.
[2022-07-28T12:59:27.027Z] [org.springframework.data.repository.config.RepositoryConfigurationDelegate] [restartedMain] [201] [INFO ] Finished Spring Data repository scanning in 184 ms. Found 1 JPA repository interfaces.
[2022-07-28T12:59:27.027Z] [org.springframework.cloud.context.scope.GenericScope] [restartedMain] [283] [INFO ] BeanFactory id=6fa190e5-d917-3e0d-afd6-838e89d4efdc
[2022-07-28T12:59:28.028Z] [org.springframework.boot.web.embedded.tomcat.TomcatWebServer] [restartedMain] [108] [INFO ] Tomcat initialized with port(s): 8081 (http)
[2022-07-28T12:59:28.028Z] [org.apache.juli.logging.DirectJDKLog] [restartedMain] [173] [INFO ] Initializing ProtocolHandler ["http-nio-8081"]
[2022-07-28T12:59:28.028Z] [org.apache.juli.logging.DirectJDKLog] [restartedMain] [173] [INFO ] Starting service [Tomcat]
[2022-07-28T12:59:28.028Z] [org.apache.juli.logging.DirectJDKLog] [restartedMain] [173] [INFO ] Starting Servlet engine: [Apache Tomcat/9.0.65]
[2022-07-28T12:59:28.028Z] [org.apache.juli.logging.DirectJDKLog] [restartedMain] [173] [INFO ] Initializing Spring embedded WebApplicationContext
[2022-07-28T12:59:28.028Z] [org.springframework.boot.web.servlet.context.ServletWebServerApplicationContext] [restartedMain] [292] [INFO ] Root WebApplicationContext: initialization completed in 2605 ms
[2022-07-28T12:59:29.029Z] [org.hibernate.jpa.internal.util.LogHelper] [restartedMain] [31] [INFO ] HHH000204: Processing PersistenceUnitInfo [name: default]
[2022-07-28T12:59:29.029Z] [org.hibernate.Version] [restartedMain] [44] [INFO ] HHH000412: Hibernate ORM core version 5.6.10.Final
[2022-07-28T12:59:29.029Z] [org.hibernate.annotations.common.reflection.java.JavaReflectionManager] [restartedMain] [56] [INFO ] HCANN000001: Hibernate Commons Annotations {5.1.2.Final}
[2022-07-28T12:59:29.029Z] [com.zaxxer.hikari.HikariDataSource] [restartedMain] [110] [INFO ] HikariPool-1 - Starting...
[2022-07-28T12:59:29.029Z] [com.zaxxer.hikari.HikariDataSource] [restartedMain] [123] [INFO ] HikariPool-1 - Start completed.
[2022-07-28T12:59:29.029Z] [org.hibernate.dialect.Dialect] [restartedMain] [175] [INFO ] HHH000400: Using dialect: org.hibernate.dialect.PostgreSQLDialect
[2022-07-28T12:59:30.030Z] [org.hibernate.engine.transaction.jta.platform.internal.JtaPlatformInitiator] [restartedMain] [52] [INFO ] HHH000490: Using JtaPlatform implementation: [org.hibernate.engine.transaction.jta.platform.internal.NoJtaPlatform]
[2022-07-28T12:59:30.030Z] [org.springframework.orm.jpa.AbstractEntityManagerFactoryBean] [restartedMain] [437] [INFO ] Initialized JPA EntityManagerFactory for persistence unit 'default'
[2022-07-28T12:59:31.031Z] [org.springframework.boot.autoconfigure.orm.jpa.JpaBaseConfiguration$JpaWebConfiguration] [restartedMain] [219] [WARN ] spring.jpa.open-in-view is enabled by default. Therefore, database queries may be performed during view rendering. Explicitly configure spring.jpa.open-in-view to disable this warning
[2022-07-28T12:59:32.032Z] [org.springframework.boot.devtools.autoconfigure.OptionalLiveReloadServer] [restartedMain] [61] [WARN ] Unable to start LiveReload server
[2022-07-28T12:59:32.032Z] [org.apache.juli.logging.DirectJDKLog] [RMI TCP Connection(3)-127.0.0.1] [173] [INFO ] Initializing Spring DispatcherServlet 'dispatcherServlet'
[2022-07-28T12:59:32.032Z] [org.springframework.web.servlet.FrameworkServlet] [RMI TCP Connection(3)-127.0.0.1] [525] [INFO ] Initializing Servlet 'dispatcherServlet'
[2022-07-28T12:59:32.032Z] [org.springframework.boot.actuate.endpoint.web.EndpointLinksResolver] [RMI TCP Connection(3)-127.0.0.1] [58] [INFO ] Exposing 1 endpoint(s) beneath base path '/actuator'
[2022-07-28T12:59:32.032Z] [org.springframework.web.servlet.FrameworkServlet] [RMI TCP Connection(3)-127.0.0.1] [547] [INFO ] Completed initialization in 203 ms
[2022-07-28T12:59:32.032Z] [org.springframework.cloud.netflix.eureka.config.DiscoveryClientOptionalArgsConfiguration] [restartedMain] [87] [INFO ] Eureka HTTP Client uses Jersey
[2022-07-28T12:59:32.032Z] [org.springframework.cloud.loadbalancer.config.LoadBalancerCacheAutoConfiguration$LoadBalancerCaffeineWarnLogger] [restartedMain] [82] [WARN ] Spring Cloud LoadBalancer is currently working with the default cache. While this cache implementation is useful for development and tests, it's recommended to use Caffeine cache in production.You can switch to using Caffeine cache, by adding it and org.springframework.cache.caffeine.CaffeineCacheManager to the classpath.
[2022-07-28T12:59:32.032Z] [org.springframework.cloud.netflix.eureka.InstanceInfoFactory] [restartedMain] [67] [INFO ] Setting initial instance status as: STARTING
[2022-07-28T12:59:32.032Z] [com.netflix.discovery.DiscoveryClient] [restartedMain] [372] [INFO ] Initializing Eureka in region us-east-1
[2022-07-28T12:59:33.033Z] [com.netflix.discovery.provider.DiscoveryJerseyProvider] [restartedMain] [70] [INFO ] Using JSON encoding codec LegacyJacksonJson
[2022-07-28T12:59:33.033Z] [com.netflix.discovery.provider.DiscoveryJerseyProvider] [restartedMain] [71] [INFO ] Using JSON decoding codec LegacyJacksonJson
[2022-07-28T12:59:33.033Z] [com.netflix.discovery.provider.DiscoveryJerseyProvider] [restartedMain] [80] [INFO ] Using XML encoding codec XStreamXml
[2022-07-28T12:59:33.033Z] [com.netflix.discovery.provider.DiscoveryJerseyProvider] [restartedMain] [81] [INFO ] Using XML decoding codec XStreamXml
[2022-07-28T12:59:33.033Z] [com.netflix.discovery.shared.resolver.aws.ConfigClusterResolver] [restartedMain] [43] [INFO ] Resolving eureka endpoints via configuration
[2022-07-28T12:59:33.033Z] [com.netflix.discovery.DiscoveryClient] [restartedMain] [1007] [INFO ] Disable delta property : false
[2022-07-28T12:59:33.033Z] [com.netflix.discovery.DiscoveryClient] [restartedMain] [1008] [INFO ] Single vip registry refresh property : null
[2022-07-28T12:59:33.033Z] [com.netflix.discovery.DiscoveryClient] [restartedMain] [1009] [INFO ] Force full registry fetch : false
[2022-07-28T12:59:33.033Z] [com.netflix.discovery.DiscoveryClient] [restartedMain] [1010] [INFO ] Application is null : false
[2022-07-28T12:59:33.033Z] [com.netflix.discovery.DiscoveryClient] [restartedMain] [1011] [INFO ] Registered Applications size is zero : true
[2022-07-28T12:59:33.033Z] [com.netflix.discovery.DiscoveryClient] [restartedMain] [1013] [INFO ] Application version is -1: true
[2022-07-28T12:59:33.033Z] [com.netflix.discovery.DiscoveryClient] [restartedMain] [1097] [INFO ] Getting all instance registry info from the eureka server
[2022-07-28T12:59:33.033Z] [com.netflix.discovery.DiscoveryClient] [restartedMain] [1106] [INFO ] The response status is 200
[2022-07-28T12:59:33.033Z] [com.netflix.discovery.DiscoveryClient] [restartedMain] [1321] [INFO ] Starting heartbeat executor: renew interval is: 30
[2022-07-28T12:59:33.033Z] [com.netflix.discovery.InstanceInfoReplicator] [restartedMain] [60] [INFO ] InstanceInfoReplicator onDemand update allowed rate per min is 4
[2022-07-28T12:59:33.033Z] [com.netflix.discovery.DiscoveryClient] [restartedMain] [492] [INFO ] Discovery Client initialized at timestamp 1658993373761 with initial instances count: 2
[2022-07-28T12:59:33.033Z] [org.springframework.cloud.netflix.eureka.serviceregistry.EurekaServiceRegistry] [restartedMain] [41] [INFO ] Registering application DOCTOR-SERVICE with eureka with status UP
[2022-07-28T12:59:33.033Z] [com.netflix.discovery.DiscoveryClient$3] [restartedMain] [1352] [INFO ] Saw local status change event StatusChangeEvent [timestamp=1658993373764, current=UP, previous=STARTING]
[2022-07-28T12:59:33.033Z] [com.netflix.discovery.DiscoveryClient] [DiscoveryClient-InstanceInfoReplicator-0] [873] [INFO ] DiscoveryClient_DOCTOR-SERVICE/inlen8520018531.corp.capgemini.com:doctor-service:8081: registering service...
[2022-07-28T12:59:33.033Z] [org.apache.juli.logging.DirectJDKLog] [restartedMain] [173] [INFO ] Starting ProtocolHandler ["http-nio-8081"]
[2022-07-28T12:59:33.033Z] [com.netflix.discovery.DiscoveryClient] [DiscoveryClient-InstanceInfoReplicator-0] [882] [INFO ] DiscoveryClient_DOCTOR-SERVICE/inlen8520018531.corp.capgemini.com:doctor-service:8081 - registration status: 204
[2022-07-28T12:59:33.033Z] [org.springframework.boot.web.embedded.tomcat.TomcatWebServer] [restartedMain] [220] [INFO ] Tomcat started on port(s): 8081 (http) with context path ''
[2022-07-28T12:59:33.033Z] [org.springframework.cloud.netflix.eureka.serviceregistry.EurekaAutoServiceRegistration] [restartedMain] [144] [INFO ] Updating port to 8081
[2022-07-28T12:59:33.033Z] [org.springframework.boot.StartupInfoLogger] [restartedMain] [61] [INFO ] Started DoctorServiceApplication in 8.443 seconds (JVM running for 9.708)
[2022-07-28T13:04:33.033Z] [com.netflix.discovery.shared.resolver.aws.ConfigClusterResolver] [AsyncResolver-bootstrap-executor-0] [43] [INFO ] Resolving eureka endpoints via configuration
[2022-07-28T13:09:33.033Z] [com.netflix.discovery.shared.resolver.aws.ConfigClusterResolver] [AsyncResolver-bootstrap-executor-0] [43] [INFO ] Resolving eureka endpoints via configuration
[2022-07-28T13:14:33.033Z] [com.netflix.discovery.shared.resolver.aws.ConfigClusterResolver] [AsyncResolver-bootstrap-executor-0] [43] [INFO ] Resolving eureka endpoints via configuration
[2022-07-28T13:19:33.033Z] [com.netflix.discovery.shared.resolver.aws.ConfigClusterResolver] [AsyncResolver-bootstrap-executor-0] [43] [INFO ] Resolving eureka endpoints via configuration
[2022-07-28T13:21:44.044Z] [org.springframework.boot.admin.SpringApplicationAdminMXBeanRegistrar$SpringApplicationAdmin] [RMI TCP Connection(27)-127.0.0.1] [159] [INFO ] Application shutdown requested.
[2022-07-28T13:21:44.044Z] [org.springframework.cloud.netflix.eureka.serviceregistry.EurekaServiceRegistry] [RMI TCP Connection(27)-127.0.0.1] [62] [INFO ] Unregistering application DOCTOR-SERVICE with eureka with status DOWN
[2022-07-28T13:21:44.044Z] [com.netflix.discovery.DiscoveryClient$3] [RMI TCP Connection(27)-127.0.0.1] [1352] [INFO ] Saw local status change event StatusChangeEvent [timestamp=1658994704504, current=DOWN, previous=UP]
[2022-07-28T13:21:44.044Z] [com.netflix.discovery.DiscoveryClient] [DiscoveryClient-InstanceInfoReplicator-0] [873] [INFO ] DiscoveryClient_DOCTOR-SERVICE/inlen8520018531.corp.capgemini.com:doctor-service:8081: registering service...
[2022-07-28T13:21:44.044Z] [com.netflix.discovery.DiscoveryClient] [DiscoveryClient-InstanceInfoReplicator-0] [882] [INFO ] DiscoveryClient_DOCTOR-SERVICE/inlen8520018531.corp.capgemini.com:doctor-service:8081 - registration status: 204
[2022-07-28T13:21:44.044Z] [org.springframework.orm.jpa.AbstractEntityManagerFactoryBean] [RMI TCP Connection(27)-127.0.0.1] [651] [INFO ] Closing JPA EntityManagerFactory for persistence unit 'default'
[2022-07-28T13:21:44.044Z] [com.zaxxer.hikari.HikariDataSource] [RMI TCP Connection(27)-127.0.0.1] [350] [INFO ] HikariPool-1 - Shutdown initiated...
[2022-07-28T13:21:44.044Z] [com.zaxxer.hikari.HikariDataSource] [RMI TCP Connection(27)-127.0.0.1] [352] [INFO ] HikariPool-1 - Shutdown completed.
[2022-07-28T13:21:44.044Z] [com.netflix.discovery.DiscoveryClient] [RMI TCP Connection(27)-127.0.0.1] [935] [INFO ] Shutting down DiscoveryClient ...
